<?xml version="1.0" encoding="UTF-8"?>
<testsuite xmlns:xsi="http://www.w3.org/2001/XMLSchema-instance" xsi:noNamespaceSchemaLocation="https://maven.apache.org/surefire/maven-surefire-plugin/xsd/surefire-test-report-3.0.xsd" version="3.0" name="com.example.onlineshopproject.repository.ProductRepositoryTest" time="16.106" tests="4" errors="0" skipped="0" failures="0">
  <properties>
    <property name="java.specification.version" value="22"/>
    <property name="sun.jnu.encoding" value="UTF-8"/>
    <property name="java.class.path" value="/Users/andrii.vytiahanets/Documents/Tel-Ran_by_Starta_Institute/onlineshopproject/target/test-classes:/Users/andrii.vytiahanets/Documents/Tel-Ran_by_Starta_Institute/onlineshopproject/target/classes:/Users/andrii.vytiahanets/.m2/repository/org/springframework/boot/spring-boot-starter-validation/3.3.0/spring-boot-starter-validation-3.3.0.jar:/Users/andrii.vytiahanets/.m2/repository/org/springframework/boot/spring-boot-starter/3.3.0/spring-boot-starter-3.3.0.jar:/Users/andrii.vytiahanets/.m2/repository/org/springframework/boot/spring-boot-starter-logging/3.3.0/spring-boot-starter-logging-3.3.0.jar:/Users/andrii.vytiahanets/.m2/repository/ch/qos/logback/logback-classic/1.5.6/logback-classic-1.5.6.jar:/Users/andrii.vytiahanets/.m2/repository/ch/qos/logback/logback-core/1.5.6/logback-core-1.5.6.jar:/Users/andrii.vytiahanets/.m2/repository/org/apache/logging/log4j/log4j-to-slf4j/2.23.1/log4j-to-slf4j-2.23.1.jar:/Users/andrii.vytiahanets/.m2/repository/org/apache/logging/log4j/log4j-api/2.23.1/log4j-api-2.23.1.jar:/Users/andrii.vytiahanets/.m2/repository/org/slf4j/jul-to-slf4j/2.0.13/jul-to-slf4j-2.0.13.jar:/Users/andrii.vytiahanets/.m2/repository/jakarta/annotation/jakarta.annotation-api/2.1.1/jakarta.annotation-api-2.1.1.jar:/Users/andrii.vytiahanets/.m2/repository/org/apache/tomcat/embed/tomcat-embed-el/10.1.24/tomcat-embed-el-10.1.24.jar:/Users/andrii.vytiahanets/.m2/repository/org/hibernate/validator/hibernate-validator/8.0.1.Final/hibernate-validator-8.0.1.Final.jar:/Users/andrii.vytiahanets/.m2/repository/org/jboss/logging/jboss-logging/3.5.3.Final/jboss-logging-3.5.3.Final.jar:/Users/andrii.vytiahanets/.m2/repository/com/fasterxml/classmate/1.7.0/classmate-1.7.0.jar:/Users/andrii.vytiahanets/.m2/repository/org/liquibase/liquibase-core/4.27.0/liquibase-core-4.27.0.jar:/Users/andrii.vytiahanets/.m2/repository/com/opencsv/opencsv/5.9/opencsv-5.9.jar:/Users/andrii.vytiahanets/.m2/repository/org/apache/commons/commons-text/1.11.0/commons-text-1.11.0.jar:/Users/andrii.vytiahanets/.m2/repository/org/apache/commons/commons-collections4/4.4/commons-collections4-4.4.jar:/Users/andrii.vytiahanets/.m2/repository/org/yaml/snakeyaml/2.2/snakeyaml-2.2.jar:/Users/andrii.vytiahanets/.m2/repository/javax/xml/bind/jaxb-api/2.3.1/jaxb-api-2.3.1.jar:/Users/andrii.vytiahanets/.m2/repository/org/springframework/boot/spring-boot-starter-data-jpa/3.3.0/spring-boot-starter-data-jpa-3.3.0.jar:/Users/andrii.vytiahanets/.m2/repository/org/springframework/boot/spring-boot-starter-aop/3.3.0/spring-boot-starter-aop-3.3.0.jar:/Users/andrii.vytiahanets/.m2/repository/org/aspectj/aspectjweaver/1.9.22/aspectjweaver-1.9.22.jar:/Users/andrii.vytiahanets/.m2/repository/org/springframework/boot/spring-boot-starter-jdbc/3.3.0/spring-boot-starter-jdbc-3.3.0.jar:/Users/andrii.vytiahanets/.m2/repository/com/zaxxer/HikariCP/5.1.0/HikariCP-5.1.0.jar:/Users/andrii.vytiahanets/.m2/repository/org/springframework/spring-jdbc/6.1.8/spring-jdbc-6.1.8.jar:/Users/andrii.vytiahanets/.m2/repository/org/hibernate/orm/hibernate-core/6.5.2.Final/hibernate-core-6.5.2.Final.jar:/Users/andrii.vytiahanets/.m2/repository/jakarta/persistence/jakarta.persistence-api/3.1.0/jakarta.persistence-api-3.1.0.jar:/Users/andrii.vytiahanets/.m2/repository/jakarta/transaction/jakarta.transaction-api/2.0.1/jakarta.transaction-api-2.0.1.jar:/Users/andrii.vytiahanets/.m2/repository/org/hibernate/common/hibernate-commons-annotations/6.0.6.Final/hibernate-commons-annotations-6.0.6.Final.jar:/Users/andrii.vytiahanets/.m2/repository/io/smallrye/jandex/3.1.2/jandex-3.1.2.jar:/Users/andrii.vytiahanets/.m2/repository/net/bytebuddy/byte-buddy/1.14.16/byte-buddy-1.14.16.jar:/Users/andrii.vytiahanets/.m2/repository/org/glassfish/jaxb/jaxb-runtime/4.0.5/jaxb-runtime-4.0.5.jar:/Users/andrii.vytiahanets/.m2/repository/org/glassfish/jaxb/jaxb-core/4.0.5/jaxb-core-4.0.5.jar:/Users/andrii.vytiahanets/.m2/repository/org/eclipse/angus/angus-activation/2.0.2/angus-activation-2.0.2.jar:/Users/andrii.vytiahanets/.m2/repository/org/glassfish/jaxb/txw2/4.0.5/txw2-4.0.5.jar:/Users/andrii.vytiahanets/.m2/repository/com/sun/istack/istack-commons-runtime/4.1.2/istack-commons-runtime-4.1.2.jar:/Users/andrii.vytiahanets/.m2/repository/jakarta/inject/jakarta.inject-api/2.0.1/jakarta.inject-api-2.0.1.jar:/Users/andrii.vytiahanets/.m2/repository/org/antlr/antlr4-runtime/4.13.0/antlr4-runtime-4.13.0.jar:/Users/andrii.vytiahanets/.m2/repository/org/springframework/data/spring-data-jpa/3.3.0/spring-data-jpa-3.3.0.jar:/Users/andrii.vytiahanets/.m2/repository/org/springframework/data/spring-data-commons/3.3.0/spring-data-commons-3.3.0.jar:/Users/andrii.vytiahanets/.m2/repository/org/springframework/spring-orm/6.1.8/spring-orm-6.1.8.jar:/Users/andrii.vytiahanets/.m2/repository/org/springframework/spring-context/6.1.8/spring-context-6.1.8.jar:/Users/andrii.vytiahanets/.m2/repository/org/springframework/spring-tx/6.1.8/spring-tx-6.1.8.jar:/Users/andrii.vytiahanets/.m2/repository/org/springframework/spring-beans/6.1.8/spring-beans-6.1.8.jar:/Users/andrii.vytiahanets/.m2/repository/org/springframework/spring-aspects/6.1.8/spring-aspects-6.1.8.jar:/Users/andrii.vytiahanets/.m2/repository/com/mysql/mysql-connector-j/8.2.0/mysql-connector-j-8.2.0.jar:/Users/andrii.vytiahanets/.m2/repository/org/springframework/boot/spring-boot-starter-web/3.3.0/spring-boot-starter-web-3.3.0.jar:/Users/andrii.vytiahanets/.m2/repository/org/springframework/boot/spring-boot-starter-json/3.3.0/spring-boot-starter-json-3.3.0.jar:/Users/andrii.vytiahanets/.m2/repository/com/fasterxml/jackson/datatype/jackson-datatype-jdk8/2.17.1/jackson-datatype-jdk8-2.17.1.jar:/Users/andrii.vytiahanets/.m2/repository/com/fasterxml/jackson/datatype/jackson-datatype-jsr310/2.17.1/jackson-datatype-jsr310-2.17.1.jar:/Users/andrii.vytiahanets/.m2/repository/com/fasterxml/jackson/module/jackson-module-parameter-names/2.17.1/jackson-module-parameter-names-2.17.1.jar:/Users/andrii.vytiahanets/.m2/repository/org/springframework/boot/spring-boot-starter-tomcat/3.3.0/spring-boot-starter-tomcat-3.3.0.jar:/Users/andrii.vytiahanets/.m2/repository/org/apache/tomcat/embed/tomcat-embed-core/10.1.24/tomcat-embed-core-10.1.24.jar:/Users/andrii.vytiahanets/.m2/repository/org/apache/tomcat/embed/tomcat-embed-websocket/10.1.24/tomcat-embed-websocket-10.1.24.jar:/Users/andrii.vytiahanets/.m2/repository/org/springframework/spring-web/6.1.8/spring-web-6.1.8.jar:/Users/andrii.vytiahanets/.m2/repository/org/springframework/spring-webmvc/6.1.8/spring-webmvc-6.1.8.jar:/Users/andrii.vytiahanets/.m2/repository/org/springframework/spring-expression/6.1.8/spring-expression-6.1.8.jar:/Users/andrii.vytiahanets/.m2/repository/org/projectlombok/lombok/1.18.32/lombok-1.18.32.jar:/Users/andrii.vytiahanets/.m2/repository/org/springframework/boot/spring-boot-starter-test/3.3.0/spring-boot-starter-test-3.3.0.jar:/Users/andrii.vytiahanets/.m2/repository/org/springframework/boot/spring-boot-test/3.3.0/spring-boot-test-3.3.0.jar:/Users/andrii.vytiahanets/.m2/repository/org/springframework/boot/spring-boot-test-autoconfigure/3.3.0/spring-boot-test-autoconfigure-3.3.0.jar:/Users/andrii.vytiahanets/.m2/repository/com/jayway/jsonpath/json-path/2.9.0/json-path-2.9.0.jar:/Users/andrii.vytiahanets/.m2/repository/jakarta/xml/bind/jakarta.xml.bind-api/4.0.2/jakarta.xml.bind-api-4.0.2.jar:/Users/andrii.vytiahanets/.m2/repository/jakarta/activation/jakarta.activation-api/2.1.3/jakarta.activation-api-2.1.3.jar:/Users/andrii.vytiahanets/.m2/repository/net/minidev/json-smart/2.5.1/json-smart-2.5.1.jar:/Users/andrii.vytiahanets/.m2/repository/net/minidev/accessors-smart/2.5.1/accessors-smart-2.5.1.jar:/Users/andrii.vytiahanets/.m2/repository/org/ow2/asm/asm/9.6/asm-9.6.jar:/Users/andrii.vytiahanets/.m2/repository/org/assertj/assertj-core/3.25.3/assertj-core-3.25.3.jar:/Users/andrii.vytiahanets/.m2/repository/org/awaitility/awaitility/4.2.1/awaitility-4.2.1.jar:/Users/andrii.vytiahanets/.m2/repository/org/hamcrest/hamcrest/2.2/hamcrest-2.2.jar:/Users/andrii.vytiahanets/.m2/repository/org/junit/jupiter/junit-jupiter/5.10.2/junit-jupiter-5.10.2.jar:/Users/andrii.vytiahanets/.m2/repository/org/junit/jupiter/junit-jupiter-api/5.10.2/junit-jupiter-api-5.10.2.jar:/Users/andrii.vytiahanets/.m2/repository/org/opentest4j/opentest4j/1.3.0/opentest4j-1.3.0.jar:/Users/andrii.vytiahanets/.m2/repository/org/junit/platform/junit-platform-commons/1.10.2/junit-platform-commons-1.10.2.jar:/Users/andrii.vytiahanets/.m2/repository/org/junit/jupiter/junit-jupiter-params/5.10.2/junit-jupiter-params-5.10.2.jar:/Users/andrii.vytiahanets/.m2/repository/org/mockito/mockito-core/5.11.0/mockito-core-5.11.0.jar:/Users/andrii.vytiahanets/.m2/repository/net/bytebuddy/byte-buddy-agent/1.14.16/byte-buddy-agent-1.14.16.jar:/Users/andrii.vytiahanets/.m2/repository/org/objenesis/objenesis/3.3/objenesis-3.3.jar:/Users/andrii.vytiahanets/.m2/repository/org/mockito/mockito-junit-jupiter/5.11.0/mockito-junit-jupiter-5.11.0.jar:/Users/andrii.vytiahanets/.m2/repository/org/skyscreamer/jsonassert/1.5.1/jsonassert-1.5.1.jar:/Users/andrii.vytiahanets/.m2/repository/com/vaadin/external/google/android-json/0.0.20131108.vaadin1/android-json-0.0.20131108.vaadin1.jar:/Users/andrii.vytiahanets/.m2/repository/org/springframework/spring-core/6.1.8/spring-core-6.1.8.jar:/Users/andrii.vytiahanets/.m2/repository/org/springframework/spring-jcl/6.1.8/spring-jcl-6.1.8.jar:/Users/andrii.vytiahanets/.m2/repository/org/springframework/spring-test/6.1.8/spring-test-6.1.8.jar:/Users/andrii.vytiahanets/.m2/repository/org/xmlunit/xmlunit-core/2.9.1/xmlunit-core-2.9.1.jar:/Users/andrii.vytiahanets/.m2/repository/org/springframework/boot/spring-boot-starter-security/3.3.0/spring-boot-starter-security-3.3.0.jar:/Users/andrii.vytiahanets/.m2/repository/org/springframework/spring-aop/6.1.8/spring-aop-6.1.8.jar:/Users/andrii.vytiahanets/.m2/repository/org/springframework/security/spring-security-config/6.3.0/spring-security-config-6.3.0.jar:/Users/andrii.vytiahanets/.m2/repository/org/springframework/security/spring-security-core/6.3.0/spring-security-core-6.3.0.jar:/Users/andrii.vytiahanets/.m2/repository/org/springframework/security/spring-security-crypto/6.3.0/spring-security-crypto-6.3.0.jar:/Users/andrii.vytiahanets/.m2/repository/org/springframework/security/spring-security-web/6.3.0/spring-security-web-6.3.0.jar:/Users/andrii.vytiahanets/.m2/repository/io/jsonwebtoken/jjwt-impl/0.12.5/jjwt-impl-0.12.5.jar:/Users/andrii.vytiahanets/.m2/repository/io/jsonwebtoken/jjwt-api/0.12.5/jjwt-api-0.12.5.jar:/Users/andrii.vytiahanets/.m2/repository/io/jsonwebtoken/jjwt-jackson/0.12.5/jjwt-jackson-0.12.5.jar:/Users/andrii.vytiahanets/.m2/repository/com/fasterxml/jackson/core/jackson-databind/2.17.1/jackson-databind-2.17.1.jar:/Users/andrii.vytiahanets/.m2/repository/com/fasterxml/jackson/core/jackson-annotations/2.17.1/jackson-annotations-2.17.1.jar:/Users/andrii.vytiahanets/.m2/repository/com/fasterxml/jackson/core/jackson-core/2.17.1/jackson-core-2.17.1.jar:/Users/andrii.vytiahanets/.m2/repository/org/apache/commons/commons-lang3/3.14.0/commons-lang3-3.14.0.jar:/Users/andrii.vytiahanets/.m2/repository/jakarta/validation/jakarta.validation-api/3.0.2/jakarta.validation-api-3.0.2.jar:/Users/andrii.vytiahanets/.m2/repository/org/modelmapper/modelmapper/3.2.0/modelmapper-3.2.0.jar:/Users/andrii.vytiahanets/.m2/repository/com/h2database/h2/2.2.224/h2-2.2.224.jar:/Users/andrii.vytiahanets/.m2/repository/org/springdoc/springdoc-openapi-starter-webmvc-ui/2.5.0/springdoc-openapi-starter-webmvc-ui-2.5.0.jar:/Users/andrii.vytiahanets/.m2/repository/org/springdoc/springdoc-openapi-starter-webmvc-api/2.5.0/springdoc-openapi-starter-webmvc-api-2.5.0.jar:/Users/andrii.vytiahanets/.m2/repository/org/springdoc/springdoc-openapi-starter-common/2.5.0/springdoc-openapi-starter-common-2.5.0.jar:/Users/andrii.vytiahanets/.m2/repository/io/swagger/core/v3/swagger-core-jakarta/2.2.21/swagger-core-jakarta-2.2.21.jar:/Users/andrii.vytiahanets/.m2/repository/io/swagger/core/v3/swagger-annotations-jakarta/2.2.21/swagger-annotations-jakarta-2.2.21.jar:/Users/andrii.vytiahanets/.m2/repository/io/swagger/core/v3/swagger-models-jakarta/2.2.21/swagger-models-jakarta-2.2.21.jar:/Users/andrii.vytiahanets/.m2/repository/com/fasterxml/jackson/dataformat/jackson-dataformat-yaml/2.17.1/jackson-dataformat-yaml-2.17.1.jar:/Users/andrii.vytiahanets/.m2/repository/org/webjars/swagger-ui/5.13.0/swagger-ui-5.13.0.jar:/Users/andrii.vytiahanets/.m2/repository/org/springframework/boot/spring-boot-starter-actuator/3.3.0/spring-boot-starter-actuator-3.3.0.jar:/Users/andrii.vytiahanets/.m2/repository/org/springframework/boot/spring-boot-actuator-autoconfigure/3.3.0/spring-boot-actuator-autoconfigure-3.3.0.jar:/Users/andrii.vytiahanets/.m2/repository/org/springframework/boot/spring-boot-actuator/3.3.0/spring-boot-actuator-3.3.0.jar:/Users/andrii.vytiahanets/.m2/repository/io/micrometer/micrometer-observation/1.13.0/micrometer-observation-1.13.0.jar:/Users/andrii.vytiahanets/.m2/repository/io/micrometer/micrometer-commons/1.13.0/micrometer-commons-1.13.0.jar:/Users/andrii.vytiahanets/.m2/repository/io/micrometer/micrometer-jakarta9/1.13.0/micrometer-jakarta9-1.13.0.jar:/Users/andrii.vytiahanets/.m2/repository/io/micrometer/micrometer-core/1.13.0/micrometer-core-1.13.0.jar:/Users/andrii.vytiahanets/.m2/repository/org/hdrhistogram/HdrHistogram/2.2.1/HdrHistogram-2.2.1.jar:/Users/andrii.vytiahanets/.m2/repository/org/latencyutils/LatencyUtils/2.0.3/LatencyUtils-2.0.3.jar:/Users/andrii.vytiahanets/.m2/repository/org/telegram/telegrambots-spring-boot-starter/6.9.7.1/telegrambots-spring-boot-starter-6.9.7.1.jar:/Users/andrii.vytiahanets/.m2/repository/org/telegram/telegrambots/6.9.7.1/telegrambots-6.9.7.1.jar:/Users/andrii.vytiahanets/.m2/repository/org/telegram/telegrambots-meta/6.9.7.1/telegrambots-meta-6.9.7.1.jar:/Users/andrii.vytiahanets/.m2/repository/com/fasterxml/jackson/jaxrs/jackson-jaxrs-json-provider/2.17.1/jackson-jaxrs-json-provider-2.17.1.jar:/Users/andrii.vytiahanets/.m2/repository/com/fasterxml/jackson/jaxrs/jackson-jaxrs-base/2.17.1/jackson-jaxrs-base-2.17.1.jar:/Users/andrii.vytiahanets/.m2/repository/com/fasterxml/jackson/module/jackson-module-jaxb-annotations/2.17.1/jackson-module-jaxb-annotations-2.17.1.jar:/Users/andrii.vytiahanets/.m2/repository/org/glassfish/jersey/inject/jersey-hk2/3.1.6/jersey-hk2-3.1.6.jar:/Users/andrii.vytiahanets/.m2/repository/org/glassfish/jersey/core/jersey-common/3.1.6/jersey-common-3.1.6.jar:/Users/andrii.vytiahanets/.m2/repository/org/glassfish/hk2/osgi-resource-locator/1.0.3/osgi-resource-locator-1.0.3.jar:/Users/andrii.vytiahanets/.m2/repository/org/glassfish/hk2/hk2-locator/3.0.6/hk2-locator-3.0.6.jar:/Users/andrii.vytiahanets/.m2/repository/org/glassfish/hk2/external/aopalliance-repackaged/3.0.6/aopalliance-repackaged-3.0.6.jar:/Users/andrii.vytiahanets/.m2/repository/org/glassfish/hk2/hk2-api/3.0.6/hk2-api-3.0.6.jar:/Users/andrii.vytiahanets/.m2/repository/org/glassfish/hk2/hk2-utils/3.0.6/hk2-utils-3.0.6.jar:/Users/andrii.vytiahanets/.m2/repository/org/javassist/javassist/3.30.2-GA/javassist-3.30.2-GA.jar:/Users/andrii.vytiahanets/.m2/repository/org/glassfish/jersey/media/jersey-media-json-jackson/3.1.6/jersey-media-json-jackson-3.1.6.jar:/Users/andrii.vytiahanets/.m2/repository/org/glassfish/jersey/ext/jersey-entity-filtering/3.1.6/jersey-entity-filtering-3.1.6.jar:/Users/andrii.vytiahanets/.m2/repository/com/fasterxml/jackson/module/jackson-module-jakarta-xmlbind-annotations/2.17.1/jackson-module-jakarta-xmlbind-annotations-2.17.1.jar:/Users/andrii.vytiahanets/.m2/repository/org/glassfish/jersey/containers/jersey-container-grizzly2-http/3.1.6/jersey-container-grizzly2-http-3.1.6.jar:/Users/andrii.vytiahanets/.m2/repository/org/glassfish/grizzly/grizzly-http-server/4.0.2/grizzly-http-server-4.0.2.jar:/Users/andrii.vytiahanets/.m2/repository/org/glassfish/grizzly/grizzly-http/4.0.2/grizzly-http-4.0.2.jar:/Users/andrii.vytiahanets/.m2/repository/org/glassfish/grizzly/grizzly-framework/4.0.2/grizzly-framework-4.0.2.jar:/Users/andrii.vytiahanets/.m2/repository/jakarta/ws/rs/jakarta.ws.rs-api/3.1.0/jakarta.ws.rs-api-3.1.0.jar:/Users/andrii.vytiahanets/.m2/repository/org/glassfish/jersey/core/jersey-server/3.1.6/jersey-server-3.1.6.jar:/Users/andrii.vytiahanets/.m2/repository/org/glassfish/jersey/core/jersey-client/3.1.6/jersey-client-3.1.6.jar:/Users/andrii.vytiahanets/.m2/repository/org/apache/httpcomponents/httpclient/4.5.14/httpclient-4.5.14.jar:/Users/andrii.vytiahanets/.m2/repository/org/apache/httpcomponents/httpcore/4.4.16/httpcore-4.4.16.jar:/Users/andrii.vytiahanets/.m2/repository/commons-codec/commons-codec/1.16.1/commons-codec-1.16.1.jar:/Users/andrii.vytiahanets/.m2/repository/org/apache/httpcomponents/httpmime/4.5.14/httpmime-4.5.14.jar:/Users/andrii.vytiahanets/.m2/repository/commons-io/commons-io/2.15.1/commons-io-2.15.1.jar:/Users/andrii.vytiahanets/.m2/repository/org/springframework/boot/spring-boot/3.3.0/spring-boot-3.3.0.jar:/Users/andrii.vytiahanets/.m2/repository/org/springframework/boot/spring-boot-autoconfigure/3.3.0/spring-boot-autoconfigure-3.3.0.jar:/Users/andrii.vytiahanets/.m2/repository/org/junit/jupiter/junit-jupiter-engine/5.10.2/junit-jupiter-engine-5.10.2.jar:/Users/andrii.vytiahanets/.m2/repository/org/junit/platform/junit-platform-engine/1.10.2/junit-platform-engine-1.10.2.jar:/Users/andrii.vytiahanets/.m2/repository/org/apiguardian/apiguardian-api/1.1.2/apiguardian-api-1.1.2.jar:/Users/andrii.vytiahanets/.m2/repository/org/slf4j/slf4j-api/2.0.13/slf4j-api-2.0.13.jar:/Users/andrii.vytiahanets/.m2/repository/dev/langchain4j/langchain4j/0.28.0/langchain4j-0.28.0.jar:/Users/andrii.vytiahanets/.m2/repository/dev/langchain4j/langchain4j-core/0.28.0/langchain4j-core-0.28.0.jar:/Users/andrii.vytiahanets/.m2/repository/com/google/code/gson/gson/2.10.1/gson-2.10.1.jar:/Users/andrii.vytiahanets/.m2/repository/com/squareup/retrofit2/retrofit/2.9.0/retrofit-2.9.0.jar:/Users/andrii.vytiahanets/.m2/repository/com/squareup/okhttp3/okhttp/4.12.0/okhttp-4.12.0.jar:/Users/andrii.vytiahanets/.m2/repository/com/squareup/okio/okio/3.6.0/okio-3.6.0.jar:/Users/andrii.vytiahanets/.m2/repository/com/squareup/okio/okio-jvm/3.6.0/okio-jvm-3.6.0.jar:/Users/andrii.vytiahanets/.m2/repository/org/jetbrains/kotlin/kotlin-stdlib-common/1.9.24/kotlin-stdlib-common-1.9.24.jar:/Users/andrii.vytiahanets/.m2/repository/org/jetbrains/kotlin/kotlin-stdlib-jdk8/1.9.24/kotlin-stdlib-jdk8-1.9.24.jar:/Users/andrii.vytiahanets/.m2/repository/org/jetbrains/kotlin/kotlin-stdlib/1.9.24/kotlin-stdlib-1.9.24.jar:/Users/andrii.vytiahanets/.m2/repository/org/jetbrains/annotations/13.0/annotations-13.0.jar:/Users/andrii.vytiahanets/.m2/repository/org/jetbrains/kotlin/kotlin-stdlib-jdk7/1.9.24/kotlin-stdlib-jdk7-1.9.24.jar:/Users/andrii.vytiahanets/.m2/repository/org/apache/opennlp/opennlp-tools/1.9.4/opennlp-tools-1.9.4.jar:/Users/andrii.vytiahanets/.m2/repository/org/jsoup/jsoup/1.16.1/jsoup-1.16.1.jar:/Users/andrii.vytiahanets/.m2/repository/dev/langchain4j/langchain4j-open-ai/0.28.0/langchain4j-open-ai-0.28.0.jar:/Users/andrii.vytiahanets/.m2/repository/dev/ai4j/openai4j/0.15.0/openai4j-0.15.0.jar:/Users/andrii.vytiahanets/.m2/repository/com/squareup/retrofit2/converter-gson/2.9.0/converter-gson-2.9.0.jar:/Users/andrii.vytiahanets/.m2/repository/com/squareup/okhttp3/okhttp-sse/4.12.0/okhttp-sse-4.12.0.jar:/Users/andrii.vytiahanets/.m2/repository/com/knuddels/jtokkit/1.0.0/jtokkit-1.0.0.jar:/Users/andrii.vytiahanets/.m2/repository/dev/langchain4j/langchain4j-document-parser-apache-pdfbox/0.30.0/langchain4j-document-parser-apache-pdfbox-0.30.0.jar:/Users/andrii.vytiahanets/.m2/repository/org/apache/pdfbox/pdfbox/2.0.30/pdfbox-2.0.30.jar:/Users/andrii.vytiahanets/.m2/repository/org/apache/pdfbox/fontbox/2.0.30/fontbox-2.0.30.jar:/Users/andrii.vytiahanets/.m2/repository/commons-logging/commons-logging/1.2/commons-logging-1.2.jar:/Users/andrii.vytiahanets/.m2/repository/com/vdurmont/emoji-java/5.1.1/emoji-java-5.1.1.jar:/Users/andrii.vytiahanets/.m2/repository/org/json/json/20170516/json-20170516.jar:"/>
    <property name="java.vm.vendor" value="Oracle Corporation"/>
    <property name="sun.arch.data.model" value="64"/>
    <property name="java.vendor.url" value="https://java.oracle.com/"/>
    <property name="user.timezone" value="Europe/Berlin"/>
    <property name="org.jboss.logging.provider" value="slf4j"/>
    <property name="os.name" value="Mac OS X"/>
    <property name="java.vm.specification.version" value="22"/>
    <property name="sun.java.launcher" value="SUN_STANDARD"/>
    <property name="user.country" value="UA"/>
    <property name="sun.boot.library.path" value="/Users/andrii.vytiahanets/Library/Java/JavaVirtualMachines/openjdk-22.0.1/Contents/Home/lib"/>
    <property name="sun.java.command" value="/Users/andrii.vytiahanets/Documents/Tel-Ran_by_Starta_Institute/onlineshopproject/target/surefire/surefirebooter-20240727151915363_3.jar /Users/andrii.vytiahanets/Documents/Tel-Ran_by_Starta_Institute/onlineshopproject/target/surefire 2024-07-27T15-19-15_137-jvmRun1 surefire-20240727151915363_1tmp surefire_0-20240727151915363_2tmp"/>
    <property name="http.nonProxyHosts" value="local|*.local|169.254/16|*.169.254/16"/>
    <property name="jdk.debug" value="release"/>
    <property name="surefire.test.class.path" value="/Users/andrii.vytiahanets/Documents/Tel-Ran_by_Starta_Institute/onlineshopproject/target/test-classes:/Users/andrii.vytiahanets/Documents/Tel-Ran_by_Starta_Institute/onlineshopproject/target/classes:/Users/andrii.vytiahanets/.m2/repository/org/springframework/boot/spring-boot-starter-validation/3.3.0/spring-boot-starter-validation-3.3.0.jar:/Users/andrii.vytiahanets/.m2/repository/org/springframework/boot/spring-boot-starter/3.3.0/spring-boot-starter-3.3.0.jar:/Users/andrii.vytiahanets/.m2/repository/org/springframework/boot/spring-boot-starter-logging/3.3.0/spring-boot-starter-logging-3.3.0.jar:/Users/andrii.vytiahanets/.m2/repository/ch/qos/logback/logback-classic/1.5.6/logback-classic-1.5.6.jar:/Users/andrii.vytiahanets/.m2/repository/ch/qos/logback/logback-core/1.5.6/logback-core-1.5.6.jar:/Users/andrii.vytiahanets/.m2/repository/org/apache/logging/log4j/log4j-to-slf4j/2.23.1/log4j-to-slf4j-2.23.1.jar:/Users/andrii.vytiahanets/.m2/repository/org/apache/logging/log4j/log4j-api/2.23.1/log4j-api-2.23.1.jar:/Users/andrii.vytiahanets/.m2/repository/org/slf4j/jul-to-slf4j/2.0.13/jul-to-slf4j-2.0.13.jar:/Users/andrii.vytiahanets/.m2/repository/jakarta/annotation/jakarta.annotation-api/2.1.1/jakarta.annotation-api-2.1.1.jar:/Users/andrii.vytiahanets/.m2/repository/org/apache/tomcat/embed/tomcat-embed-el/10.1.24/tomcat-embed-el-10.1.24.jar:/Users/andrii.vytiahanets/.m2/repository/org/hibernate/validator/hibernate-validator/8.0.1.Final/hibernate-validator-8.0.1.Final.jar:/Users/andrii.vytiahanets/.m2/repository/org/jboss/logging/jboss-logging/3.5.3.Final/jboss-logging-3.5.3.Final.jar:/Users/andrii.vytiahanets/.m2/repository/com/fasterxml/classmate/1.7.0/classmate-1.7.0.jar:/Users/andrii.vytiahanets/.m2/repository/org/liquibase/liquibase-core/4.27.0/liquibase-core-4.27.0.jar:/Users/andrii.vytiahanets/.m2/repository/com/opencsv/opencsv/5.9/opencsv-5.9.jar:/Users/andrii.vytiahanets/.m2/repository/org/apache/commons/commons-text/1.11.0/commons-text-1.11.0.jar:/Users/andrii.vytiahanets/.m2/repository/org/apache/commons/commons-collections4/4.4/commons-collections4-4.4.jar:/Users/andrii.vytiahanets/.m2/repository/org/yaml/snakeyaml/2.2/snakeyaml-2.2.jar:/Users/andrii.vytiahanets/.m2/repository/javax/xml/bind/jaxb-api/2.3.1/jaxb-api-2.3.1.jar:/Users/andrii.vytiahanets/.m2/repository/org/springframework/boot/spring-boot-starter-data-jpa/3.3.0/spring-boot-starter-data-jpa-3.3.0.jar:/Users/andrii.vytiahanets/.m2/repository/org/springframework/boot/spring-boot-starter-aop/3.3.0/spring-boot-starter-aop-3.3.0.jar:/Users/andrii.vytiahanets/.m2/repository/org/aspectj/aspectjweaver/1.9.22/aspectjweaver-1.9.22.jar:/Users/andrii.vytiahanets/.m2/repository/org/springframework/boot/spring-boot-starter-jdbc/3.3.0/spring-boot-starter-jdbc-3.3.0.jar:/Users/andrii.vytiahanets/.m2/repository/com/zaxxer/HikariCP/5.1.0/HikariCP-5.1.0.jar:/Users/andrii.vytiahanets/.m2/repository/org/springframework/spring-jdbc/6.1.8/spring-jdbc-6.1.8.jar:/Users/andrii.vytiahanets/.m2/repository/org/hibernate/orm/hibernate-core/6.5.2.Final/hibernate-core-6.5.2.Final.jar:/Users/andrii.vytiahanets/.m2/repository/jakarta/persistence/jakarta.persistence-api/3.1.0/jakarta.persistence-api-3.1.0.jar:/Users/andrii.vytiahanets/.m2/repository/jakarta/transaction/jakarta.transaction-api/2.0.1/jakarta.transaction-api-2.0.1.jar:/Users/andrii.vytiahanets/.m2/repository/org/hibernate/common/hibernate-commons-annotations/6.0.6.Final/hibernate-commons-annotations-6.0.6.Final.jar:/Users/andrii.vytiahanets/.m2/repository/io/smallrye/jandex/3.1.2/jandex-3.1.2.jar:/Users/andrii.vytiahanets/.m2/repository/net/bytebuddy/byte-buddy/1.14.16/byte-buddy-1.14.16.jar:/Users/andrii.vytiahanets/.m2/repository/org/glassfish/jaxb/jaxb-runtime/4.0.5/jaxb-runtime-4.0.5.jar:/Users/andrii.vytiahanets/.m2/repository/org/glassfish/jaxb/jaxb-core/4.0.5/jaxb-core-4.0.5.jar:/Users/andrii.vytiahanets/.m2/repository/org/eclipse/angus/angus-activation/2.0.2/angus-activation-2.0.2.jar:/Users/andrii.vytiahanets/.m2/repository/org/glassfish/jaxb/txw2/4.0.5/txw2-4.0.5.jar:/Users/andrii.vytiahanets/.m2/repository/com/sun/istack/istack-commons-runtime/4.1.2/istack-commons-runtime-4.1.2.jar:/Users/andrii.vytiahanets/.m2/repository/jakarta/inject/jakarta.inject-api/2.0.1/jakarta.inject-api-2.0.1.jar:/Users/andrii.vytiahanets/.m2/repository/org/antlr/antlr4-runtime/4.13.0/antlr4-runtime-4.13.0.jar:/Users/andrii.vytiahanets/.m2/repository/org/springframework/data/spring-data-jpa/3.3.0/spring-data-jpa-3.3.0.jar:/Users/andrii.vytiahanets/.m2/repository/org/springframework/data/spring-data-commons/3.3.0/spring-data-commons-3.3.0.jar:/Users/andrii.vytiahanets/.m2/repository/org/springframework/spring-orm/6.1.8/spring-orm-6.1.8.jar:/Users/andrii.vytiahanets/.m2/repository/org/springframework/spring-context/6.1.8/spring-context-6.1.8.jar:/Users/andrii.vytiahanets/.m2/repository/org/springframework/spring-tx/6.1.8/spring-tx-6.1.8.jar:/Users/andrii.vytiahanets/.m2/repository/org/springframework/spring-beans/6.1.8/spring-beans-6.1.8.jar:/Users/andrii.vytiahanets/.m2/repository/org/springframework/spring-aspects/6.1.8/spring-aspects-6.1.8.jar:/Users/andrii.vytiahanets/.m2/repository/com/mysql/mysql-connector-j/8.2.0/mysql-connector-j-8.2.0.jar:/Users/andrii.vytiahanets/.m2/repository/org/springframework/boot/spring-boot-starter-web/3.3.0/spring-boot-starter-web-3.3.0.jar:/Users/andrii.vytiahanets/.m2/repository/org/springframework/boot/spring-boot-starter-json/3.3.0/spring-boot-starter-json-3.3.0.jar:/Users/andrii.vytiahanets/.m2/repository/com/fasterxml/jackson/datatype/jackson-datatype-jdk8/2.17.1/jackson-datatype-jdk8-2.17.1.jar:/Users/andrii.vytiahanets/.m2/repository/com/fasterxml/jackson/datatype/jackson-datatype-jsr310/2.17.1/jackson-datatype-jsr310-2.17.1.jar:/Users/andrii.vytiahanets/.m2/repository/com/fasterxml/jackson/module/jackson-module-parameter-names/2.17.1/jackson-module-parameter-names-2.17.1.jar:/Users/andrii.vytiahanets/.m2/repository/org/springframework/boot/spring-boot-starter-tomcat/3.3.0/spring-boot-starter-tomcat-3.3.0.jar:/Users/andrii.vytiahanets/.m2/repository/org/apache/tomcat/embed/tomcat-embed-core/10.1.24/tomcat-embed-core-10.1.24.jar:/Users/andrii.vytiahanets/.m2/repository/org/apache/tomcat/embed/tomcat-embed-websocket/10.1.24/tomcat-embed-websocket-10.1.24.jar:/Users/andrii.vytiahanets/.m2/repository/org/springframework/spring-web/6.1.8/spring-web-6.1.8.jar:/Users/andrii.vytiahanets/.m2/repository/org/springframework/spring-webmvc/6.1.8/spring-webmvc-6.1.8.jar:/Users/andrii.vytiahanets/.m2/repository/org/springframework/spring-expression/6.1.8/spring-expression-6.1.8.jar:/Users/andrii.vytiahanets/.m2/repository/org/projectlombok/lombok/1.18.32/lombok-1.18.32.jar:/Users/andrii.vytiahanets/.m2/repository/org/springframework/boot/spring-boot-starter-test/3.3.0/spring-boot-starter-test-3.3.0.jar:/Users/andrii.vytiahanets/.m2/repository/org/springframework/boot/spring-boot-test/3.3.0/spring-boot-test-3.3.0.jar:/Users/andrii.vytiahanets/.m2/repository/org/springframework/boot/spring-boot-test-autoconfigure/3.3.0/spring-boot-test-autoconfigure-3.3.0.jar:/Users/andrii.vytiahanets/.m2/repository/com/jayway/jsonpath/json-path/2.9.0/json-path-2.9.0.jar:/Users/andrii.vytiahanets/.m2/repository/jakarta/xml/bind/jakarta.xml.bind-api/4.0.2/jakarta.xml.bind-api-4.0.2.jar:/Users/andrii.vytiahanets/.m2/repository/jakarta/activation/jakarta.activation-api/2.1.3/jakarta.activation-api-2.1.3.jar:/Users/andrii.vytiahanets/.m2/repository/net/minidev/json-smart/2.5.1/json-smart-2.5.1.jar:/Users/andrii.vytiahanets/.m2/repository/net/minidev/accessors-smart/2.5.1/accessors-smart-2.5.1.jar:/Users/andrii.vytiahanets/.m2/repository/org/ow2/asm/asm/9.6/asm-9.6.jar:/Users/andrii.vytiahanets/.m2/repository/org/assertj/assertj-core/3.25.3/assertj-core-3.25.3.jar:/Users/andrii.vytiahanets/.m2/repository/org/awaitility/awaitility/4.2.1/awaitility-4.2.1.jar:/Users/andrii.vytiahanets/.m2/repository/org/hamcrest/hamcrest/2.2/hamcrest-2.2.jar:/Users/andrii.vytiahanets/.m2/repository/org/junit/jupiter/junit-jupiter/5.10.2/junit-jupiter-5.10.2.jar:/Users/andrii.vytiahanets/.m2/repository/org/junit/jupiter/junit-jupiter-api/5.10.2/junit-jupiter-api-5.10.2.jar:/Users/andrii.vytiahanets/.m2/repository/org/opentest4j/opentest4j/1.3.0/opentest4j-1.3.0.jar:/Users/andrii.vytiahanets/.m2/repository/org/junit/platform/junit-platform-commons/1.10.2/junit-platform-commons-1.10.2.jar:/Users/andrii.vytiahanets/.m2/repository/org/junit/jupiter/junit-jupiter-params/5.10.2/junit-jupiter-params-5.10.2.jar:/Users/andrii.vytiahanets/.m2/repository/org/mockito/mockito-core/5.11.0/mockito-core-5.11.0.jar:/Users/andrii.vytiahanets/.m2/repository/net/bytebuddy/byte-buddy-agent/1.14.16/byte-buddy-agent-1.14.16.jar:/Users/andrii.vytiahanets/.m2/repository/org/objenesis/objenesis/3.3/objenesis-3.3.jar:/Users/andrii.vytiahanets/.m2/repository/org/mockito/mockito-junit-jupiter/5.11.0/mockito-junit-jupiter-5.11.0.jar:/Users/andrii.vytiahanets/.m2/repository/org/skyscreamer/jsonassert/1.5.1/jsonassert-1.5.1.jar:/Users/andrii.vytiahanets/.m2/repository/com/vaadin/external/google/android-json/0.0.20131108.vaadin1/android-json-0.0.20131108.vaadin1.jar:/Users/andrii.vytiahanets/.m2/repository/org/springframework/spring-core/6.1.8/spring-core-6.1.8.jar:/Users/andrii.vytiahanets/.m2/repository/org/springframework/spring-jcl/6.1.8/spring-jcl-6.1.8.jar:/Users/andrii.vytiahanets/.m2/repository/org/springframework/spring-test/6.1.8/spring-test-6.1.8.jar:/Users/andrii.vytiahanets/.m2/repository/org/xmlunit/xmlunit-core/2.9.1/xmlunit-core-2.9.1.jar:/Users/andrii.vytiahanets/.m2/repository/org/springframework/boot/spring-boot-starter-security/3.3.0/spring-boot-starter-security-3.3.0.jar:/Users/andrii.vytiahanets/.m2/repository/org/springframework/spring-aop/6.1.8/spring-aop-6.1.8.jar:/Users/andrii.vytiahanets/.m2/repository/org/springframework/security/spring-security-config/6.3.0/spring-security-config-6.3.0.jar:/Users/andrii.vytiahanets/.m2/repository/org/springframework/security/spring-security-core/6.3.0/spring-security-core-6.3.0.jar:/Users/andrii.vytiahanets/.m2/repository/org/springframework/security/spring-security-crypto/6.3.0/spring-security-crypto-6.3.0.jar:/Users/andrii.vytiahanets/.m2/repository/org/springframework/security/spring-security-web/6.3.0/spring-security-web-6.3.0.jar:/Users/andrii.vytiahanets/.m2/repository/io/jsonwebtoken/jjwt-impl/0.12.5/jjwt-impl-0.12.5.jar:/Users/andrii.vytiahanets/.m2/repository/io/jsonwebtoken/jjwt-api/0.12.5/jjwt-api-0.12.5.jar:/Users/andrii.vytiahanets/.m2/repository/io/jsonwebtoken/jjwt-jackson/0.12.5/jjwt-jackson-0.12.5.jar:/Users/andrii.vytiahanets/.m2/repository/com/fasterxml/jackson/core/jackson-databind/2.17.1/jackson-databind-2.17.1.jar:/Users/andrii.vytiahanets/.m2/repository/com/fasterxml/jackson/core/jackson-annotations/2.17.1/jackson-annotations-2.17.1.jar:/Users/andrii.vytiahanets/.m2/repository/com/fasterxml/jackson/core/jackson-core/2.17.1/jackson-core-2.17.1.jar:/Users/andrii.vytiahanets/.m2/repository/org/apache/commons/commons-lang3/3.14.0/commons-lang3-3.14.0.jar:/Users/andrii.vytiahanets/.m2/repository/jakarta/validation/jakarta.validation-api/3.0.2/jakarta.validation-api-3.0.2.jar:/Users/andrii.vytiahanets/.m2/repository/org/modelmapper/modelmapper/3.2.0/modelmapper-3.2.0.jar:/Users/andrii.vytiahanets/.m2/repository/com/h2database/h2/2.2.224/h2-2.2.224.jar:/Users/andrii.vytiahanets/.m2/repository/org/springdoc/springdoc-openapi-starter-webmvc-ui/2.5.0/springdoc-openapi-starter-webmvc-ui-2.5.0.jar:/Users/andrii.vytiahanets/.m2/repository/org/springdoc/springdoc-openapi-starter-webmvc-api/2.5.0/springdoc-openapi-starter-webmvc-api-2.5.0.jar:/Users/andrii.vytiahanets/.m2/repository/org/springdoc/springdoc-openapi-starter-common/2.5.0/springdoc-openapi-starter-common-2.5.0.jar:/Users/andrii.vytiahanets/.m2/repository/io/swagger/core/v3/swagger-core-jakarta/2.2.21/swagger-core-jakarta-2.2.21.jar:/Users/andrii.vytiahanets/.m2/repository/io/swagger/core/v3/swagger-annotations-jakarta/2.2.21/swagger-annotations-jakarta-2.2.21.jar:/Users/andrii.vytiahanets/.m2/repository/io/swagger/core/v3/swagger-models-jakarta/2.2.21/swagger-models-jakarta-2.2.21.jar:/Users/andrii.vytiahanets/.m2/repository/com/fasterxml/jackson/dataformat/jackson-dataformat-yaml/2.17.1/jackson-dataformat-yaml-2.17.1.jar:/Users/andrii.vytiahanets/.m2/repository/org/webjars/swagger-ui/5.13.0/swagger-ui-5.13.0.jar:/Users/andrii.vytiahanets/.m2/repository/org/springframework/boot/spring-boot-starter-actuator/3.3.0/spring-boot-starter-actuator-3.3.0.jar:/Users/andrii.vytiahanets/.m2/repository/org/springframework/boot/spring-boot-actuator-autoconfigure/3.3.0/spring-boot-actuator-autoconfigure-3.3.0.jar:/Users/andrii.vytiahanets/.m2/repository/org/springframework/boot/spring-boot-actuator/3.3.0/spring-boot-actuator-3.3.0.jar:/Users/andrii.vytiahanets/.m2/repository/io/micrometer/micrometer-observation/1.13.0/micrometer-observation-1.13.0.jar:/Users/andrii.vytiahanets/.m2/repository/io/micrometer/micrometer-commons/1.13.0/micrometer-commons-1.13.0.jar:/Users/andrii.vytiahanets/.m2/repository/io/micrometer/micrometer-jakarta9/1.13.0/micrometer-jakarta9-1.13.0.jar:/Users/andrii.vytiahanets/.m2/repository/io/micrometer/micrometer-core/1.13.0/micrometer-core-1.13.0.jar:/Users/andrii.vytiahanets/.m2/repository/org/hdrhistogram/HdrHistogram/2.2.1/HdrHistogram-2.2.1.jar:/Users/andrii.vytiahanets/.m2/repository/org/latencyutils/LatencyUtils/2.0.3/LatencyUtils-2.0.3.jar:/Users/andrii.vytiahanets/.m2/repository/org/telegram/telegrambots-spring-boot-starter/6.9.7.1/telegrambots-spring-boot-starter-6.9.7.1.jar:/Users/andrii.vytiahanets/.m2/repository/org/telegram/telegrambots/6.9.7.1/telegrambots-6.9.7.1.jar:/Users/andrii.vytiahanets/.m2/repository/org/telegram/telegrambots-meta/6.9.7.1/telegrambots-meta-6.9.7.1.jar:/Users/andrii.vytiahanets/.m2/repository/com/fasterxml/jackson/jaxrs/jackson-jaxrs-json-provider/2.17.1/jackson-jaxrs-json-provider-2.17.1.jar:/Users/andrii.vytiahanets/.m2/repository/com/fasterxml/jackson/jaxrs/jackson-jaxrs-base/2.17.1/jackson-jaxrs-base-2.17.1.jar:/Users/andrii.vytiahanets/.m2/repository/com/fasterxml/jackson/module/jackson-module-jaxb-annotations/2.17.1/jackson-module-jaxb-annotations-2.17.1.jar:/Users/andrii.vytiahanets/.m2/repository/org/glassfish/jersey/inject/jersey-hk2/3.1.6/jersey-hk2-3.1.6.jar:/Users/andrii.vytiahanets/.m2/repository/org/glassfish/jersey/core/jersey-common/3.1.6/jersey-common-3.1.6.jar:/Users/andrii.vytiahanets/.m2/repository/org/glassfish/hk2/osgi-resource-locator/1.0.3/osgi-resource-locator-1.0.3.jar:/Users/andrii.vytiahanets/.m2/repository/org/glassfish/hk2/hk2-locator/3.0.6/hk2-locator-3.0.6.jar:/Users/andrii.vytiahanets/.m2/repository/org/glassfish/hk2/external/aopalliance-repackaged/3.0.6/aopalliance-repackaged-3.0.6.jar:/Users/andrii.vytiahanets/.m2/repository/org/glassfish/hk2/hk2-api/3.0.6/hk2-api-3.0.6.jar:/Users/andrii.vytiahanets/.m2/repository/org/glassfish/hk2/hk2-utils/3.0.6/hk2-utils-3.0.6.jar:/Users/andrii.vytiahanets/.m2/repository/org/javassist/javassist/3.30.2-GA/javassist-3.30.2-GA.jar:/Users/andrii.vytiahanets/.m2/repository/org/glassfish/jersey/media/jersey-media-json-jackson/3.1.6/jersey-media-json-jackson-3.1.6.jar:/Users/andrii.vytiahanets/.m2/repository/org/glassfish/jersey/ext/jersey-entity-filtering/3.1.6/jersey-entity-filtering-3.1.6.jar:/Users/andrii.vytiahanets/.m2/repository/com/fasterxml/jackson/module/jackson-module-jakarta-xmlbind-annotations/2.17.1/jackson-module-jakarta-xmlbind-annotations-2.17.1.jar:/Users/andrii.vytiahanets/.m2/repository/org/glassfish/jersey/containers/jersey-container-grizzly2-http/3.1.6/jersey-container-grizzly2-http-3.1.6.jar:/Users/andrii.vytiahanets/.m2/repository/org/glassfish/grizzly/grizzly-http-server/4.0.2/grizzly-http-server-4.0.2.jar:/Users/andrii.vytiahanets/.m2/repository/org/glassfish/grizzly/grizzly-http/4.0.2/grizzly-http-4.0.2.jar:/Users/andrii.vytiahanets/.m2/repository/org/glassfish/grizzly/grizzly-framework/4.0.2/grizzly-framework-4.0.2.jar:/Users/andrii.vytiahanets/.m2/repository/jakarta/ws/rs/jakarta.ws.rs-api/3.1.0/jakarta.ws.rs-api-3.1.0.jar:/Users/andrii.vytiahanets/.m2/repository/org/glassfish/jersey/core/jersey-server/3.1.6/jersey-server-3.1.6.jar:/Users/andrii.vytiahanets/.m2/repository/org/glassfish/jersey/core/jersey-client/3.1.6/jersey-client-3.1.6.jar:/Users/andrii.vytiahanets/.m2/repository/org/apache/httpcomponents/httpclient/4.5.14/httpclient-4.5.14.jar:/Users/andrii.vytiahanets/.m2/repository/org/apache/httpcomponents/httpcore/4.4.16/httpcore-4.4.16.jar:/Users/andrii.vytiahanets/.m2/repository/commons-codec/commons-codec/1.16.1/commons-codec-1.16.1.jar:/Users/andrii.vytiahanets/.m2/repository/org/apache/httpcomponents/httpmime/4.5.14/httpmime-4.5.14.jar:/Users/andrii.vytiahanets/.m2/repository/commons-io/commons-io/2.15.1/commons-io-2.15.1.jar:/Users/andrii.vytiahanets/.m2/repository/org/springframework/boot/spring-boot/3.3.0/spring-boot-3.3.0.jar:/Users/andrii.vytiahanets/.m2/repository/org/springframework/boot/spring-boot-autoconfigure/3.3.0/spring-boot-autoconfigure-3.3.0.jar:/Users/andrii.vytiahanets/.m2/repository/org/junit/jupiter/junit-jupiter-engine/5.10.2/junit-jupiter-engine-5.10.2.jar:/Users/andrii.vytiahanets/.m2/repository/org/junit/platform/junit-platform-engine/1.10.2/junit-platform-engine-1.10.2.jar:/Users/andrii.vytiahanets/.m2/repository/org/apiguardian/apiguardian-api/1.1.2/apiguardian-api-1.1.2.jar:/Users/andrii.vytiahanets/.m2/repository/org/slf4j/slf4j-api/2.0.13/slf4j-api-2.0.13.jar:/Users/andrii.vytiahanets/.m2/repository/dev/langchain4j/langchain4j/0.28.0/langchain4j-0.28.0.jar:/Users/andrii.vytiahanets/.m2/repository/dev/langchain4j/langchain4j-core/0.28.0/langchain4j-core-0.28.0.jar:/Users/andrii.vytiahanets/.m2/repository/com/google/code/gson/gson/2.10.1/gson-2.10.1.jar:/Users/andrii.vytiahanets/.m2/repository/com/squareup/retrofit2/retrofit/2.9.0/retrofit-2.9.0.jar:/Users/andrii.vytiahanets/.m2/repository/com/squareup/okhttp3/okhttp/4.12.0/okhttp-4.12.0.jar:/Users/andrii.vytiahanets/.m2/repository/com/squareup/okio/okio/3.6.0/okio-3.6.0.jar:/Users/andrii.vytiahanets/.m2/repository/com/squareup/okio/okio-jvm/3.6.0/okio-jvm-3.6.0.jar:/Users/andrii.vytiahanets/.m2/repository/org/jetbrains/kotlin/kotlin-stdlib-common/1.9.24/kotlin-stdlib-common-1.9.24.jar:/Users/andrii.vytiahanets/.m2/repository/org/jetbrains/kotlin/kotlin-stdlib-jdk8/1.9.24/kotlin-stdlib-jdk8-1.9.24.jar:/Users/andrii.vytiahanets/.m2/repository/org/jetbrains/kotlin/kotlin-stdlib/1.9.24/kotlin-stdlib-1.9.24.jar:/Users/andrii.vytiahanets/.m2/repository/org/jetbrains/annotations/13.0/annotations-13.0.jar:/Users/andrii.vytiahanets/.m2/repository/org/jetbrains/kotlin/kotlin-stdlib-jdk7/1.9.24/kotlin-stdlib-jdk7-1.9.24.jar:/Users/andrii.vytiahanets/.m2/repository/org/apache/opennlp/opennlp-tools/1.9.4/opennlp-tools-1.9.4.jar:/Users/andrii.vytiahanets/.m2/repository/org/jsoup/jsoup/1.16.1/jsoup-1.16.1.jar:/Users/andrii.vytiahanets/.m2/repository/dev/langchain4j/langchain4j-open-ai/0.28.0/langchain4j-open-ai-0.28.0.jar:/Users/andrii.vytiahanets/.m2/repository/dev/ai4j/openai4j/0.15.0/openai4j-0.15.0.jar:/Users/andrii.vytiahanets/.m2/repository/com/squareup/retrofit2/converter-gson/2.9.0/converter-gson-2.9.0.jar:/Users/andrii.vytiahanets/.m2/repository/com/squareup/okhttp3/okhttp-sse/4.12.0/okhttp-sse-4.12.0.jar:/Users/andrii.vytiahanets/.m2/repository/com/knuddels/jtokkit/1.0.0/jtokkit-1.0.0.jar:/Users/andrii.vytiahanets/.m2/repository/dev/langchain4j/langchain4j-document-parser-apache-pdfbox/0.30.0/langchain4j-document-parser-apache-pdfbox-0.30.0.jar:/Users/andrii.vytiahanets/.m2/repository/org/apache/pdfbox/pdfbox/2.0.30/pdfbox-2.0.30.jar:/Users/andrii.vytiahanets/.m2/repository/org/apache/pdfbox/fontbox/2.0.30/fontbox-2.0.30.jar:/Users/andrii.vytiahanets/.m2/repository/commons-logging/commons-logging/1.2/commons-logging-1.2.jar:/Users/andrii.vytiahanets/.m2/repository/com/vdurmont/emoji-java/5.1.1/emoji-java-5.1.1.jar:/Users/andrii.vytiahanets/.m2/repository/org/json/json/20170516/json-20170516.jar:"/>
    <property name="sun.cpu.endian" value="little"/>
    <property name="user.home" value="/Users/andrii.vytiahanets"/>
    <property name="user.language" value="uk"/>
    <property name="java.specification.vendor" value="Oracle Corporation"/>
    <property name="java.version.date" value="2024-04-16"/>
    <property name="java.home" value="/Users/andrii.vytiahanets/Library/Java/JavaVirtualMachines/openjdk-22.0.1/Contents/Home"/>
    <property name="file.separator" value="/"/>
    <property name="basedir" value="/Users/andrii.vytiahanets/Documents/Tel-Ran_by_Starta_Institute/onlineshopproject"/>
    <property name="java.vm.compressedOopsMode" value="Zero based"/>
    <property name="line.separator" value="&#10;"/>
    <property name="java.vm.specification.vendor" value="Oracle Corporation"/>
    <property name="java.specification.name" value="Java Platform API Specification"/>
    <property name="FILE_LOG_CHARSET" value="UTF-8"/>
    <property name="java.awt.headless" value="true"/>
    <property name="apple.awt.application.name" value="ForkedBooter"/>
    <property name="surefire.real.class.path" value="/Users/andrii.vytiahanets/Documents/Tel-Ran_by_Starta_Institute/onlineshopproject/target/surefire/surefirebooter-20240727151915363_3.jar"/>
    <property name="sun.management.compiler" value="HotSpot 64-Bit Tiered Compilers"/>
    <property name="ftp.nonProxyHosts" value="local|*.local|169.254/16|*.169.254/16"/>
    <property name="java.runtime.version" value="22.0.1+8-16"/>
    <property name="user.name" value="andrii.vytiahanets"/>
    <property name="stdout.encoding" value="UTF-8"/>
    <property name="path.separator" value=":"/>
    <property name="os.version" value="13.1"/>
    <property name="java.runtime.name" value="OpenJDK Runtime Environment"/>
    <property name="file.encoding" value="UTF-8"/>
    <property name="java.vm.name" value="OpenJDK 64-Bit Server VM"/>
    <property name="localRepository" value="/Users/andrii.vytiahanets/.m2/repository"/>
    <property name="java.vendor.url.bug" value="https://bugreport.java.com/bugreport/"/>
    <property name="java.io.tmpdir" value="/var/folders/3y/mqyxc2p570sfv548b9mc30tr0000gn/T/"/>
    <property name="idea.version" value="2022.1.2"/>
    <property name="java.version" value="22.0.1"/>
    <property name="user.dir" value="/Users/andrii.vytiahanets/Documents/Tel-Ran_by_Starta_Institute/onlineshopproject"/>
    <property name="os.arch" value="x86_64"/>
    <property name="java.vm.specification.name" value="Java Virtual Machine Specification"/>
    <property name="PID" value="990"/>
    <property name="CONSOLE_LOG_CHARSET" value="UTF-8"/>
    <property name="native.encoding" value="UTF-8"/>
    <property name="java.library.path" value="/Users/andrii.vytiahanets/Library/Java/Extensions:/Library/Java/Extensions:/Network/Library/Java/Extensions:/System/Library/Java/Extensions:/usr/lib/java:."/>
    <property name="java.vm.info" value="mixed mode, sharing"/>
    <property name="stderr.encoding" value="UTF-8"/>
    <property name="java.vendor" value="Oracle Corporation"/>
    <property name="java.vm.version" value="22.0.1+8-16"/>
    <property name="sun.io.unicode.encoding" value="UnicodeBig"/>
    <property name="socksNonProxyHosts" value="local|*.local|169.254/16|*.169.254/16"/>
    <property name="java.class.version" value="66.0"/>
    <property name="LOGGED_APPLICATION_NAME" value="[onlineshop] "/>
  </properties>
  <testcase name="delete" classname="com.example.onlineshopproject.repository.ProductRepositoryTest" time="1.242">
    <system-out><![CDATA[15:19:18.158 [main] INFO org.springframework.test.context.support.AnnotationConfigContextLoaderUtils -- Could not detect default configuration classes for test class [com.example.onlineshopproject.repository.ProductRepositoryTest]: ProductRepositoryTest does not declare any static, non-private, non-final, nested classes annotated with @Configuration.
15:19:18.512 [main] INFO org.springframework.boot.test.context.SpringBootTestContextBootstrapper -- Found @SpringBootConfiguration com.example.onlineshopproject.OnlineShopProjectApplication for test class com.example.onlineshopproject.repository.ProductRepositoryTest
15:19:17,809 |-INFO in ch.qos.logback.classic.LoggerContext[default] - This is logback-classic version 1.5.6
15:19:17,813 |-INFO in ch.qos.logback.classic.util.ContextInitializer@68e62ca4 - Here is a list of configurators discovered as a service, by rank: 
15:19:17,813 |-INFO in ch.qos.logback.classic.util.ContextInitializer@68e62ca4 -   org.springframework.boot.logging.logback.RootLogLevelConfigurator
15:19:17,813 |-INFO in ch.qos.logback.classic.util.ContextInitializer@68e62ca4 - They will be invoked in order until ExecutionStatus.DO_NOT_INVOKE_NEXT_IF_ANY is returned.
15:19:17,814 |-INFO in ch.qos.logback.classic.util.ContextInitializer@68e62ca4 - Constructed configurator of type class org.springframework.boot.logging.logback.RootLogLevelConfigurator
15:19:17,829 |-INFO in ch.qos.logback.classic.util.ContextInitializer@68e62ca4 - org.springframework.boot.logging.logback.RootLogLevelConfigurator.configure() call lasted 1 milliseconds. ExecutionStatus=INVOKE_NEXT_IF_ANY
15:19:17,829 |-INFO in ch.qos.logback.classic.util.ContextInitializer@68e62ca4 - Trying to configure with ch.qos.logback.classic.joran.SerializedModelConfigurator
15:19:17,831 |-INFO in ch.qos.logback.classic.util.ContextInitializer@68e62ca4 - Constructed configurator of type class ch.qos.logback.classic.joran.SerializedModelConfigurator
15:19:17,836 |-INFO in ch.qos.logback.classic.LoggerContext[default] - Could NOT find resource [logback-test.scmo]
15:19:17,837 |-INFO in ch.qos.logback.classic.LoggerContext[default] - Could NOT find resource [logback.scmo]
15:19:17,837 |-INFO in ch.qos.logback.classic.util.ContextInitializer@68e62ca4 - ch.qos.logback.classic.joran.SerializedModelConfigurator.configure() call lasted 6 milliseconds. ExecutionStatus=INVOKE_NEXT_IF_ANY
15:19:17,837 |-INFO in ch.qos.logback.classic.util.ContextInitializer@68e62ca4 - Trying to configure with ch.qos.logback.classic.util.DefaultJoranConfigurator
15:19:17,838 |-INFO in ch.qos.logback.classic.util.ContextInitializer@68e62ca4 - Constructed configurator of type class ch.qos.logback.classic.util.DefaultJoranConfigurator
15:19:17,839 |-INFO in ch.qos.logback.classic.LoggerContext[default] - Could NOT find resource [logback-test.xml]
15:19:17,840 |-INFO in ch.qos.logback.classic.LoggerContext[default] - Could NOT find resource [logback.xml]
15:19:17,840 |-INFO in ch.qos.logback.classic.util.ContextInitializer@68e62ca4 - ch.qos.logback.classic.util.DefaultJoranConfigurator.configure() call lasted 2 milliseconds. ExecutionStatus=INVOKE_NEXT_IF_ANY
15:19:17,840 |-INFO in ch.qos.logback.classic.util.ContextInitializer@68e62ca4 - Trying to configure with ch.qos.logback.classic.BasicConfigurator
15:19:17,843 |-INFO in ch.qos.logback.classic.util.ContextInitializer@68e62ca4 - Constructed configurator of type class ch.qos.logback.classic.BasicConfigurator
15:19:17,843 |-INFO in ch.qos.logback.classic.BasicConfigurator@5328a9c1 - Setting up default configuration.
15:19:17,901 |-INFO in ch.qos.logback.classic.util.ContextInitializer@68e62ca4 - ch.qos.logback.classic.BasicConfigurator.configure() call lasted 58 milliseconds. ExecutionStatus=NEUTRAL
15:19:19,466 |-INFO in ch.qos.logback.core.model.processor.AppenderModelHandler - Processing appender named [FILE]
15:19:19,466 |-INFO in ch.qos.logback.core.model.processor.AppenderModelHandler - About to instantiate appender of type [ch.qos.logback.core.rolling.RollingFileAppender]
15:19:19,726 |-INFO in c.q.l.core.rolling.TimeBasedRollingPolicy@1534655921 - Will use gz compression
15:19:19,728 |-INFO in c.q.l.core.rolling.TimeBasedRollingPolicy@1534655921 - Will use the pattern logs/MacBook-Air-Andrii-2.local.log.%d{yyyy-MM-dd}.%i.log for the active file
15:19:19,771 |-INFO in ch.qos.logback.core.rolling.SizeAndTimeBasedFNATP@48bfb884 - The date pattern is 'yyyy-MM-dd' from file name pattern 'logs/MacBook-Air-Andrii-2.local.log.%d{yyyy-MM-dd}.%i.log.gz'.
15:19:19,771 |-INFO in ch.qos.logback.core.rolling.SizeAndTimeBasedFNATP@48bfb884 - Roll-over at midnight.
15:19:19,786 |-INFO in ch.qos.logback.core.rolling.SizeAndTimeBasedFNATP@48bfb884 - Setting initial period to 2024-07-27T12:54:46.508Z
15:19:19,787 |-WARN in ch.qos.logback.core.rolling.SizeAndTimeBasedFNATP@48bfb884 - SizeAndTimeBasedFNATP is deprecated. Use SizeAndTimeBasedRollingPolicy instead
15:19:19,787 |-WARN in ch.qos.logback.core.rolling.SizeAndTimeBasedFNATP@48bfb884 - For more information see http://logback.qos.ch/manual/appenders.html#SizeAndTimeBasedRollingPolicy
15:19:19,795 |-INFO in ch.qos.logback.core.rolling.RollingFileAppender[FILE] - Active log file name: logs/MacBook-Air-Andrii-2.local.log
15:19:19,795 |-INFO in ch.qos.logback.core.rolling.RollingFileAppender[FILE] - File property is set to [logs/MacBook-Air-Andrii-2.local.log]
15:19:19,797 |-INFO in ch.qos.logback.core.model.processor.AppenderModelHandler - Processing appender named [STDOUT]
15:19:19,797 |-INFO in ch.qos.logback.core.model.processor.AppenderModelHandler - About to instantiate appender of type [ch.qos.logback.core.ConsoleAppender]
15:19:19,798 |-WARN in ch.qos.logback.core.ConsoleAppender[STDOUT] - This appender no longer admits a layout as a sub-component, set an encoder instead.
15:19:19,798 |-WARN in ch.qos.logback.core.ConsoleAppender[STDOUT] - To ensure compatibility, wrapping your layout in LayoutWrappingEncoder.
15:19:19,799 |-WARN in ch.qos.logback.core.ConsoleAppender[STDOUT] - See also http://logback.qos.ch/codes.html#layoutInsteadOfEncoder for details
15:19:19,799 |-INFO in ch.qos.logback.classic.model.processor.LoggerModelHandler - Setting level of logger [com.example.onlineshopproject] to DEBUG
15:19:19,800 |-INFO in ch.qos.logback.classic.jul.LevelChangePropagator@11653e3b - Propagating DEBUG level on Logger[com.example.onlineshopproject] onto the JUL framework
15:19:19,804 |-INFO in ch.qos.logback.classic.model.processor.LoggerModelHandler - Setting additivity of logger [com.example.onlineshopproject] to false
15:19:19,805 |-INFO in ch.qos.logback.core.model.processor.AppenderRefModelHandler - Attaching appender named [STDOUT] to Logger[com.example.onlineshopproject]
15:19:19,805 |-INFO in ch.qos.logback.core.model.processor.AppenderRefModelHandler - Attaching appender named [FILE] to Logger[com.example.onlineshopproject]
15:19:19,805 |-INFO in ch.qos.logback.classic.model.processor.RootLoggerModelHandler - Setting level of ROOT logger to INFO
15:19:19,805 |-INFO in ch.qos.logback.classic.jul.LevelChangePropagator@11653e3b - Propagating INFO level on Logger[ROOT] onto the JUL framework
15:19:19,805 |-INFO in ch.qos.logback.core.model.processor.AppenderRefModelHandler - Attaching appender named [STDOUT] to Logger[ROOT]
15:19:19,805 |-INFO in ch.qos.logback.core.model.processor.DefaultProcessor@715fb77 - End of configuration.
15:19:19,805 |-INFO in org.springframework.boot.logging.logback.SpringBootJoranConfigurator@1b9c1b51 - Registering current configuration as safe fallback point

  .   ____          _            __ _ _
 /\\ / ___'_ __ _ _(_)_ __  __ _ \ \ \ \
( ( )\___ | '_ | '_| | '_ \/ _` | \ \ \ \
 \\/  ___)| |_)| | | | | || (_| |  ) ) ) )
  '  |____| .__|_| |_|_| |_\__, | / / / /
 =========|_|==============|___/=/_/_/_/

2024-07-27 15:19:19.901 | background-preinit        | INFO  | org.hibernate.validator.internal.util.Version                           -       HV000001: Hibernate Validator 8.0.1.Final
 :: Spring Boot ::                (v3.3.0)

2024-07-27 15:19:20.331 | main                      | WARN  | o.s.b.t.j.DuplicateJsonObjectContextCustomizerFactory$DuplicateJsonObjectContextCustomizer  -       

Found multiple occurrences of org.json.JSONObject on the class path:

	jar:file:/Users/andrii.vytiahanets/.m2/repository/com/vaadin/external/google/android-json/0.0.20131108.vaadin1/android-json-0.0.20131108.vaadin1.jar!/org/json/JSONObject.class
	jar:file:/Users/andrii.vytiahanets/.m2/repository/org/json/json/20170516/json-20170516.jar!/org/json/JSONObject.class

You may wish to exclude one of them to ensure predictable runtime behavior

2024-07-27 15:19:20.362 | main                      | INFO  | com.example.onlineshopproject.repository.ProductRepositoryTest          -       Starting ProductRepositoryTest using Java 22.0.1 with PID 990 (started by andrii.vytiahanets in /Users/andrii.vytiahanets/Documents/Tel-Ran_by_Starta_Institute/onlineshopproject)
2024-07-27 15:19:20.364 | main                      | DEBUG | com.example.onlineshopproject.repository.ProductRepositoryTest          -       Running with Spring Boot v3.3.0, Spring v6.1.8
2024-07-27 15:19:20.365 | main                      | INFO  | com.example.onlineshopproject.repository.ProductRepositoryTest          -       The following 1 profile is active: "dev"
2024-07-27 15:19:21.678 | main                      | INFO  | o.s.data.repository.config.RepositoryConfigurationDelegate              -       Bootstrapping Spring Data JPA repositories in DEFAULT mode.
2024-07-27 15:19:21.930 | main                      | INFO  | o.s.data.repository.config.RepositoryConfigurationDelegate              -       Finished Spring Data repository scanning in 234 ms. Found 9 JPA repository interfaces.
2024-07-27 15:19:22.127 | main                      | INFO  | o.s.b.t.a.j.TestDatabaseAutoConfiguration$EmbeddedDataSourceBeanFactoryPostProcessor  -       Replacing 'dataSource' DataSource bean with embedded version
2024-07-27 15:19:22.590 | main                      | INFO  | org.springframework.jdbc.datasource.embedded.EmbeddedDatabaseFactory    -       Starting embedded database: url='jdbc:h2:mem:7a3186ca-ebed-455a-a4aa-441eacea6e3e;DB_CLOSE_DELAY=-1;DB_CLOSE_ON_EXIT=false', username='sa'
2024-07-27 15:19:23.499 | main                      | INFO  | liquibase.database                                                      -       Set default schema name to PUBLIC
2024-07-27 15:19:24.442 | main                      | INFO  | liquibase.lockservice                                                   -       Successfully acquired change log lock
2024-07-27 15:19:24.475 | main                      | INFO  | liquibase.changelog                                                     -       Creating database history table with name: PUBLIC.DATABASECHANGELOG
2024-07-27 15:19:24.481 | main                      | INFO  | liquibase.command                                                       -       Clearing database change log checksums for database h2
2024-07-27 15:19:24.489 | main                      | INFO  | liquibase.lockservice                                                   -       Successfully released change log lock
2024-07-27 15:19:24.490 | main                      | INFO  | liquibase.command                                                       -       Command execution complete
2024-07-27 15:19:25.346 | main                      | INFO  | liquibase.changelog                                                     -       Reading from PUBLIC.DATABASECHANGELOG
2024-07-27 15:19:25.511 | main                      | INFO  | liquibase.lockservice                                                   -       Successfully acquired change log lock
2024-07-27 15:19:25.512 | main                      | INFO  | liquibase.command                                                       -       Using deploymentId: 2086365512
2024-07-27 15:19:25.514 | main                      | INFO  | liquibase.changelog                                                     -       Reading from PUBLIC.DATABASECHANGELOG
2024-07-27 15:19:25.701 | main                      | INFO  | liquibase.ui                                                            -       Running Changeset: db/changelog/changelogs/users-changelog.xml::1::Andrii
2024-07-27 15:19:25.748 | main                      | INFO  | liquibase.changelog                                                     -       Table Users created
2024-07-27 15:19:25.750 | main                      | INFO  | liquibase.changelog                                                     -       ChangeSet db/changelog/changelogs/users-changelog.xml::1::Andrii ran successfully in 46ms
2024-07-27 15:19:25.785 | main                      | INFO  | liquibase.ui                                                            -       Running Changeset: db/changelog/changelogs/users-changelog.xml::2::Andrii
2024-07-27 15:19:25.791 | main                      | INFO  | liquibase.changelog                                                     -       New row inserted into Users
2024-07-27 15:19:25.793 | main                      | INFO  | liquibase.changelog                                                     -       New row inserted into Users
2024-07-27 15:19:25.795 | main                      | INFO  | liquibase.changelog                                                     -       New row inserted into Users
2024-07-27 15:19:25.798 | main                      | INFO  | liquibase.changelog                                                     -       New row inserted into Users
2024-07-27 15:19:25.800 | main                      | INFO  | liquibase.changelog                                                     -       New row inserted into Users
2024-07-27 15:19:25.801 | main                      | INFO  | liquibase.changelog                                                     -       ChangeSet db/changelog/changelogs/users-changelog.xml::2::Andrii ran successfully in 14ms
2024-07-27 15:19:25.806 | main                      | INFO  | liquibase.ui                                                            -       Running Changeset: db/changelog/changelogs/telegramusers-changelog.xml::1::Andrii
2024-07-27 15:19:25.810 | main                      | INFO  | liquibase.changelog                                                     -       Table TelegramUsers created
2024-07-27 15:19:25.811 | main                      | INFO  | liquibase.changelog                                                     -       ChangeSet db/changelog/changelogs/telegramusers-changelog.xml::1::Andrii ran successfully in 4ms
2024-07-27 15:19:25.816 | main                      | INFO  | liquibase.ui                                                            -       Running Changeset: db/changelog/changelogs/telegramusers-changelog.xml::2::Andrii
2024-07-27 15:19:25.819 | main                      | INFO  | liquibase.changelog                                                     -       New row inserted into TelegramUsers
2024-07-27 15:19:25.820 | main                      | INFO  | liquibase.changelog                                                     -       ChangeSet db/changelog/changelogs/telegramusers-changelog.xml::2::Andrii ran successfully in 3ms
2024-07-27 15:19:25.825 | main                      | INFO  | liquibase.ui                                                            -       Running Changeset: db/changelog/changelogs/category-changelog.xml::1::Andrii
2024-07-27 15:19:25.830 | main                      | INFO  | liquibase.changelog                                                     -       Table Categories created
2024-07-27 15:19:25.831 | main                      | INFO  | liquibase.changelog                                                     -       ChangeSet db/changelog/changelogs/category-changelog.xml::1::Andrii ran successfully in 6ms
2024-07-27 15:19:25.838 | main                      | INFO  | liquibase.ui                                                            -       Running Changeset: db/changelog/changelogs/category-changelog.xml::2::Andrii
2024-07-27 15:19:25.840 | main                      | INFO  | liquibase.changelog                                                     -       New row inserted into Categories
2024-07-27 15:19:25.842 | main                      | INFO  | liquibase.changelog                                                     -       New row inserted into Categories
2024-07-27 15:19:25.844 | main                      | INFO  | liquibase.changelog                                                     -       New row inserted into Categories
2024-07-27 15:19:25.861 | main                      | INFO  | liquibase.changelog                                                     -       New row inserted into Categories
2024-07-27 15:19:25.862 | main                      | INFO  | liquibase.changelog                                                     -       ChangeSet db/changelog/changelogs/category-changelog.xml::2::Andrii ran successfully in 24ms
2024-07-27 15:19:25.871 | main                      | INFO  | liquibase.ui                                                            -       Running Changeset: db/changelog/changelogs/product-changelog.xml::1::Andrii
2024-07-27 15:19:25.921 | main                      | INFO  | liquibase.changelog                                                     -       Table Products created
2024-07-27 15:19:25.921 | main                      | INFO  | liquibase.changelog                                                     -       ChangeSet db/changelog/changelogs/product-changelog.xml::1::Andrii ran successfully in 37ms
2024-07-27 15:19:25.936 | main                      | INFO  | liquibase.ui                                                            -       Running Changeset: db/changelog/changelogs/product-changelog.xml::2::Andrii
2024-07-27 15:19:25.942 | main                      | INFO  | liquibase.changelog                                                     -       New row inserted into Products
2024-07-27 15:19:25.945 | main                      | INFO  | liquibase.changelog                                                     -       New row inserted into Products
2024-07-27 15:19:25.947 | main                      | INFO  | liquibase.changelog                                                     -       New row inserted into Products
2024-07-27 15:19:25.963 | main                      | INFO  | liquibase.changelog                                                     -       New row inserted into Products
2024-07-27 15:19:25.966 | main                      | INFO  | liquibase.changelog                                                     -       New row inserted into Products
2024-07-27 15:19:25.968 | main                      | INFO  | liquibase.changelog                                                     -       ChangeSet db/changelog/changelogs/product-changelog.xml::2::Andrii ran successfully in 32ms
2024-07-27 15:19:25.983 | main                      | INFO  | liquibase.ui                                                            -       Running Changeset: db/changelog/changelogs/favorites-changelog.xml::1::Andrii
2024-07-27 15:19:26.002 | main                      | INFO  | liquibase.changelog                                                     -       Table Favorites created
2024-07-27 15:19:26.002 | main                      | INFO  | liquibase.changelog                                                     -       ChangeSet db/changelog/changelogs/favorites-changelog.xml::1::Andrii ran successfully in 18ms
2024-07-27 15:19:26.017 | main                      | INFO  | liquibase.ui                                                            -       Running Changeset: db/changelog/changelogs/favorites-changelog.xml::2::Andrii
2024-07-27 15:19:26.023 | main                      | INFO  | liquibase.changelog                                                     -       New row inserted into Favorites
2024-07-27 15:19:26.025 | main                      | INFO  | liquibase.changelog                                                     -       ChangeSet db/changelog/changelogs/favorites-changelog.xml::2::Andrii ran successfully in 5ms
2024-07-27 15:19:26.035 | main                      | INFO  | liquibase.ui                                                            -       Running Changeset: db/changelog/changelogs/cart-changelog.xml::1::Andrii
2024-07-27 15:19:26.080 | main                      | INFO  | liquibase.changelog                                                     -       Table Cart created
2024-07-27 15:19:26.081 | main                      | INFO  | liquibase.changelog                                                     -       ChangeSet db/changelog/changelogs/cart-changelog.xml::1::Andrii ran successfully in 46ms
2024-07-27 15:19:26.088 | main                      | INFO  | liquibase.ui                                                            -       Running Changeset: db/changelog/changelogs/cart-changelog.xml::2::Andrii
2024-07-27 15:19:26.093 | main                      | INFO  | liquibase.changelog                                                     -       New row inserted into Cart
2024-07-27 15:19:26.094 | main                      | INFO  | liquibase.changelog                                                     -       ChangeSet db/changelog/changelogs/cart-changelog.xml::2::Andrii ran successfully in 6ms
2024-07-27 15:19:26.099 | main                      | INFO  | liquibase.ui                                                            -       Running Changeset: db/changelog/changelogs/cartItems-changelog.xml::1::Andrii
2024-07-27 15:19:26.119 | main                      | INFO  | liquibase.changelog                                                     -       Table CartItems created
2024-07-27 15:19:26.120 | main                      | INFO  | liquibase.changelog                                                     -       ChangeSet db/changelog/changelogs/cartItems-changelog.xml::1::Andrii ran successfully in 20ms
2024-07-27 15:19:26.125 | main                      | INFO  | liquibase.ui                                                            -       Running Changeset: db/changelog/changelogs/cartItems-changelog.xml::2::Andrii
2024-07-27 15:19:26.128 | main                      | INFO  | liquibase.changelog                                                     -       New row inserted into CartItems
2024-07-27 15:19:26.129 | main                      | INFO  | liquibase.changelog                                                     -       ChangeSet db/changelog/changelogs/cartItems-changelog.xml::2::Andrii ran successfully in 3ms
2024-07-27 15:19:26.135 | main                      | INFO  | liquibase.ui                                                            -       Running Changeset: db/changelog/changelogs/orders-changelog.xml::1::Andrii
2024-07-27 15:19:26.143 | main                      | INFO  | liquibase.changelog                                                     -       Table Orders created
2024-07-27 15:19:26.144 | main                      | INFO  | liquibase.changelog                                                     -       ChangeSet db/changelog/changelogs/orders-changelog.xml::1::Andrii ran successfully in 8ms
2024-07-27 15:19:26.165 | main                      | INFO  | liquibase.ui                                                            -       Running Changeset: db/changelog/changelogs/orders-changelog.xml::2::Andrii
2024-07-27 15:19:26.188 | main                      | INFO  | liquibase.changelog                                                     -       New row inserted into Orders
2024-07-27 15:19:26.193 | main                      | INFO  | liquibase.changelog                                                     -       New row inserted into Orders
2024-07-27 15:19:26.210 | main                      | INFO  | liquibase.changelog                                                     -       New row inserted into Orders
2024-07-27 15:19:26.242 | main                      | INFO  | liquibase.changelog                                                     -       New row inserted into Orders
2024-07-27 15:19:26.243 | main                      | INFO  | liquibase.changelog                                                     -       ChangeSet db/changelog/changelogs/orders-changelog.xml::2::Andrii ran successfully in 59ms
2024-07-27 15:19:26.255 | main                      | INFO  | liquibase.ui                                                            -       Running Changeset: db/changelog/changelogs/orderItems-changelog.xml::1::Andrii
2024-07-27 15:19:26.276 | main                      | INFO  | liquibase.changelog                                                     -       Table OrderItems created
2024-07-27 15:19:26.277 | main                      | INFO  | liquibase.changelog                                                     -       ChangeSet db/changelog/changelogs/orderItems-changelog.xml::1::Andrii ran successfully in 21ms
2024-07-27 15:19:26.293 | main                      | INFO  | liquibase.ui                                                            -       Running Changeset: db/changelog/changelogs/orderItems-changelog.xml::2::Andrii
2024-07-27 15:19:26.296 | main                      | INFO  | liquibase.changelog                                                     -       New row inserted into OrderItems
2024-07-27 15:19:26.300 | main                      | INFO  | liquibase.changelog                                                     -       New row inserted into OrderItems
2024-07-27 15:19:26.303 | main                      | INFO  | liquibase.changelog                                                     -       New row inserted into OrderItems
2024-07-27 15:19:26.307 | main                      | INFO  | liquibase.changelog                                                     -       New row inserted into OrderItems
2024-07-27 15:19:26.309 | main                      | INFO  | liquibase.changelog                                                     -       New row inserted into OrderItems
2024-07-27 15:19:26.310 | main                      | INFO  | liquibase.changelog                                                     -       ChangeSet db/changelog/changelogs/orderItems-changelog.xml::2::Andrii ran successfully in 16ms
2024-07-27 15:19:26.314 | main                      | INFO  | liquibase.ui                                                            -       Running Changeset: db/changelog/changelogs/productcount-changelog.xml::1::Andrii
2024-07-27 15:19:26.320 | main                      | INFO  | liquibase.changelog                                                     -       Table ProductCount created
2024-07-27 15:19:26.321 | main                      | INFO  | liquibase.changelog                                                     -       ChangeSet db/changelog/changelogs/productcount-changelog.xml::1::Andrii ran successfully in 5ms
2024-07-27 15:19:26.325 | main                      | INFO  | liquibase.ui                                                            -       Running Changeset: db/changelog/changelogs/productcount-changelog.xml::2::Andrii
2024-07-27 15:19:26.329 | main                      | INFO  | liquibase.changelog                                                     -       New row inserted into ProductCount
2024-07-27 15:19:26.331 | main                      | INFO  | liquibase.changelog                                                     -       ChangeSet db/changelog/changelogs/productcount-changelog.xml::2::Andrii ran successfully in 5ms
2024-07-27 15:19:26.335 | main                      | INFO  | liquibase.ui                                                            -       Running Changeset: db/changelog/changelogs/productpending-changelog.xml::1::Andrii
2024-07-27 15:19:26.342 | main                      | INFO  | liquibase.changelog                                                     -       Table ProductPending created
2024-07-27 15:19:26.342 | main                      | INFO  | liquibase.changelog                                                     -       ChangeSet db/changelog/changelogs/productpending-changelog.xml::1::Andrii ran successfully in 6ms
2024-07-27 15:19:26.347 | main                      | INFO  | liquibase.ui                                                            -       Running Changeset: db/changelog/changelogs/productpending-changelog.xml::2::Andrii
2024-07-27 15:19:26.350 | main                      | INFO  | liquibase.changelog                                                     -       New row inserted into ProductPending
2024-07-27 15:19:26.350 | main                      | INFO  | liquibase.changelog                                                     -       ChangeSet db/changelog/changelogs/productpending-changelog.xml::2::Andrii ran successfully in 3ms
2024-07-27 15:19:26.355 | main                      | INFO  | liquibase.ui                                                            -       Running Changeset: db/changelog/changelogs/productprofit-changelog.xml::1::Andrii
2024-07-27 15:19:26.362 | main                      | INFO  | liquibase.changelog                                                     -       Table ProductProfit created
2024-07-27 15:19:26.362 | main                      | INFO  | liquibase.changelog                                                     -       ChangeSet db/changelog/changelogs/productprofit-changelog.xml::1::Andrii ran successfully in 7ms
2024-07-27 15:19:26.373 | main                      | INFO  | liquibase.ui                                                            -       Running Changeset: db/changelog/changelogs/productprofit-changelog.xml::2::Andrii
2024-07-27 15:19:26.382 | main                      | INFO  | liquibase.changelog                                                     -       New row inserted into ProductProfit
2024-07-27 15:19:26.383 | main                      | INFO  | liquibase.changelog                                                     -       ChangeSet db/changelog/changelogs/productprofit-changelog.xml::2::Andrii ran successfully in 8ms
2024-07-27 15:19:26.418 | main                      | INFO  | liquibase.util                                                          -       UPDATE SUMMARY
2024-07-27 15:19:26.419 | main                      | INFO  | liquibase.util                                                          -       Run:                         24
2024-07-27 15:19:26.419 | main                      | INFO  | liquibase.util                                                          -       Previously run:               0
2024-07-27 15:19:26.419 | main                      | INFO  | liquibase.util                                                          -       Filtered out:                 0
2024-07-27 15:19:26.419 | main                      | INFO  | liquibase.util                                                          -       -------------------------------
2024-07-27 15:19:26.419 | main                      | INFO  | liquibase.util                                                          -       Total change sets:           24
2024-07-27 15:19:26.422 | main                      | INFO  | liquibase.util                                                          -       Update summary generated
2024-07-27 15:19:26.434 | main                      | INFO  | liquibase.command                                                       -       Update command completed successfully.
2024-07-27 15:19:26.435 | main                      | INFO  | liquibase.ui                                                            -       Liquibase: Update has been successful. Rows affected: 54
2024-07-27 15:19:26.438 | main                      | INFO  | liquibase.lockservice                                                   -       Successfully released change log lock
2024-07-27 15:19:26.438 | main                      | INFO  | liquibase.command                                                       -       Command execution complete
2024-07-27 15:19:26.761 | main                      | INFO  | org.hibernate.jpa.internal.util.LogHelper                               -       HHH000204: Processing PersistenceUnitInfo [name: default]
2024-07-27 15:19:26.903 | main                      | INFO  | org.hibernate.Version                                                   -       HHH000412: Hibernate ORM core version 6.5.2.Final
2024-07-27 15:19:27.221 | main                      | INFO  | org.hibernate.cache.internal.RegionFactoryInitiator                     -       HHH000026: Second-level cache disabled
2024-07-27 15:19:28.060 | main                      | INFO  | org.springframework.orm.jpa.persistenceunit.SpringPersistenceUnitInfo   -       No LoadTimeWeaver setup: ignoring JPA class transformer
2024-07-27 15:19:28.163 | main                      | WARN  | org.hibernate.orm.deprecation                                           -       HHH90000025: MySQL8Dialect does not need to be specified explicitly using 'hibernate.dialect' (remove the property setting and it will be selected by default)
2024-07-27 15:19:28.165 | main                      | WARN  | org.hibernate.orm.deprecation                                           -       HHH90000026: MySQL8Dialect has been deprecated; use org.hibernate.dialect.MySQLDialect instead
2024-07-27 15:19:30.694 | main                      | INFO  | o.h.engine.transaction.jta.platform.internal.JtaPlatformInitiator       -       HHH000489: No JTA platform available (set 'hibernate.transaction.jta.platform' to enable JTA platform integration)
2024-07-27 15:19:30.700 | main                      | INFO  | org.springframework.orm.jpa.LocalContainerEntityManagerFactoryBean      -       Initialized JPA EntityManagerFactory for persistence unit 'default'
2024-07-27 15:19:31.419 | main                      | INFO  | org.springframework.data.jpa.repository.query.QueryEnhancerFactory      -       Hibernate is in classpath; If applicable, HQL parser will be used.
2024-07-27 15:19:32.461 | main                      | INFO  | com.example.onlineshopproject.repository.ProductRepositoryTest          -       Started ProductRepositoryTest in 13.768 seconds (process running for 16.857)
Hibernate: select pe1_0.ProductID,cies1_0.ProductID,cies1_0.CartItemID,cies1_0.CartID,cies1_0.Quantity,pe1_0.CategoryID,pe1_0.CreatedAt,pe1_0.Description,pe1_0.DiscountPrice,pe1_0.imageURL,pe1_0.Name,pe1_0.Price,pe1_0.UpdatedAt from Products pe1_0 left join CartItems cies1_0 on pe1_0.ProductID=cies1_0.ProductID where pe1_0.ProductID=?
Hibernate: select oies1_0.ProductId,oies1_0.OrderItemID,oies1_0.orderId,oies1_0.priceAtPurchase,oies1_0.quantity from OrderItems oies1_0 where oies1_0.ProductId=?
Hibernate: select fes1_0.ProductID,fes1_0.FavoriteID,fes1_0.UserID from Favorites fes1_0 where fes1_0.ProductID=?
]]></system-out>
    <system-err><![CDATA[WARNING: A Java agent has been loaded dynamically (/Users/andrii.vytiahanets/.m2/repository/net/bytebuddy/byte-buddy-agent/1.14.16/byte-buddy-agent-1.14.16.jar)
WARNING: If a serviceability tool is in use, please run with -XX:+EnableDynamicAgentLoading to hide this warning
WARNING: If a serviceability tool is not in use, please run with -Djdk.instrument.traceUsage for more information
WARNING: Dynamic loading of agents will be disallowed by default in a future release
]]></system-err>
  </testcase>
  <testcase name="getAll" classname="com.example.onlineshopproject.repository.ProductRepositoryTest" time="0.017">
    <system-out><![CDATA[Hibernate: select pe1_0.ProductID,pe1_0.CategoryID,pe1_0.CreatedAt,pe1_0.Description,pe1_0.DiscountPrice,pe1_0.imageURL,pe1_0.Name,pe1_0.Price,pe1_0.UpdatedAt from Products pe1_0 where pe1_0.ProductID=?
]]></system-out>
  </testcase>
  <testcase name="insert" classname="com.example.onlineshopproject.repository.ProductRepositoryTest" time="0.023">
    <system-out><![CDATA[Hibernate: select pe1_0.ProductID,cies1_0.ProductID,cies1_0.CartItemID,cies1_0.CartID,cies1_0.Quantity,pe1_0.CategoryID,pe1_0.CreatedAt,pe1_0.Description,pe1_0.DiscountPrice,pe1_0.imageURL,pe1_0.Name,pe1_0.Price,pe1_0.UpdatedAt from Products pe1_0 left join CartItems cies1_0 on pe1_0.ProductID=cies1_0.ProductID where pe1_0.ProductID=?
Hibernate: select oies1_0.ProductId,oies1_0.OrderItemID,oies1_0.orderId,oies1_0.priceAtPurchase,oies1_0.quantity from OrderItems oies1_0 where oies1_0.ProductId=?
Hibernate: select fes1_0.ProductID,fes1_0.FavoriteID,fes1_0.UserID from Favorites fes1_0 where fes1_0.ProductID=?
]]></system-out>
  </testcase>
  <testcase name="edit" classname="com.example.onlineshopproject.repository.ProductRepositoryTest" time="0.013">
    <system-out><![CDATA[Hibernate: select pe1_0.ProductID,pe1_0.CategoryID,pe1_0.CreatedAt,pe1_0.Description,pe1_0.DiscountPrice,pe1_0.imageURL,pe1_0.Name,pe1_0.Price,pe1_0.UpdatedAt from Products pe1_0 where pe1_0.ProductID=?
]]></system-out>
  </testcase>
</testsuite>