<?xml version="1.0" encoding="UTF-8"?>
<testsuite xmlns:xsi="http://www.w3.org/2001/XMLSchema-instance" xsi:noNamespaceSchemaLocation="https://maven.apache.org/surefire/maven-surefire-plugin/xsd/surefire-test-report-3.0.xsd" version="3.0" name="com.example.onlineshopproject.repository.ProductRepositoryTest" time="18.048" tests="4" errors="0" skipped="0" failures="0">
  <properties>
    <property name="java.specification.version" value="22"/>
    <property name="sun.jnu.encoding" value="UTF-8"/>
    <property name="java.class.path" value="/Users/andrii.vytiahanets/Documents/Tel-Ran_by_Starta_Institute/onlineshopproject/target/test-classes:/Users/andrii.vytiahanets/Documents/Tel-Ran_by_Starta_Institute/onlineshopproject/target/classes:/Users/andrii.vytiahanets/.m2/repository/org/springframework/boot/spring-boot-starter-validation/3.3.0/spring-boot-starter-validation-3.3.0.jar:/Users/andrii.vytiahanets/.m2/repository/org/springframework/boot/spring-boot-starter/3.3.0/spring-boot-starter-3.3.0.jar:/Users/andrii.vytiahanets/.m2/repository/org/springframework/boot/spring-boot/3.3.0/spring-boot-3.3.0.jar:/Users/andrii.vytiahanets/.m2/repository/org/springframework/boot/spring-boot-autoconfigure/3.3.0/spring-boot-autoconfigure-3.3.0.jar:/Users/andrii.vytiahanets/.m2/repository/org/springframework/boot/spring-boot-starter-logging/3.3.0/spring-boot-starter-logging-3.3.0.jar:/Users/andrii.vytiahanets/.m2/repository/ch/qos/logback/logback-classic/1.5.6/logback-classic-1.5.6.jar:/Users/andrii.vytiahanets/.m2/repository/ch/qos/logback/logback-core/1.5.6/logback-core-1.5.6.jar:/Users/andrii.vytiahanets/.m2/repository/org/apache/logging/log4j/log4j-to-slf4j/2.23.1/log4j-to-slf4j-2.23.1.jar:/Users/andrii.vytiahanets/.m2/repository/org/apache/logging/log4j/log4j-api/2.23.1/log4j-api-2.23.1.jar:/Users/andrii.vytiahanets/.m2/repository/org/slf4j/jul-to-slf4j/2.0.13/jul-to-slf4j-2.0.13.jar:/Users/andrii.vytiahanets/.m2/repository/jakarta/annotation/jakarta.annotation-api/2.1.1/jakarta.annotation-api-2.1.1.jar:/Users/andrii.vytiahanets/.m2/repository/org/apache/tomcat/embed/tomcat-embed-el/10.1.24/tomcat-embed-el-10.1.24.jar:/Users/andrii.vytiahanets/.m2/repository/org/hibernate/validator/hibernate-validator/8.0.1.Final/hibernate-validator-8.0.1.Final.jar:/Users/andrii.vytiahanets/.m2/repository/org/jboss/logging/jboss-logging/3.5.3.Final/jboss-logging-3.5.3.Final.jar:/Users/andrii.vytiahanets/.m2/repository/com/fasterxml/classmate/1.7.0/classmate-1.7.0.jar:/Users/andrii.vytiahanets/.m2/repository/org/liquibase/liquibase-core/4.27.0/liquibase-core-4.27.0.jar:/Users/andrii.vytiahanets/.m2/repository/com/opencsv/opencsv/5.9/opencsv-5.9.jar:/Users/andrii.vytiahanets/.m2/repository/org/apache/commons/commons-text/1.11.0/commons-text-1.11.0.jar:/Users/andrii.vytiahanets/.m2/repository/org/apache/commons/commons-collections4/4.4/commons-collections4-4.4.jar:/Users/andrii.vytiahanets/.m2/repository/org/yaml/snakeyaml/2.2/snakeyaml-2.2.jar:/Users/andrii.vytiahanets/.m2/repository/javax/xml/bind/jaxb-api/2.3.1/jaxb-api-2.3.1.jar:/Users/andrii.vytiahanets/.m2/repository/org/springframework/boot/spring-boot-starter-data-jpa/3.3.0/spring-boot-starter-data-jpa-3.3.0.jar:/Users/andrii.vytiahanets/.m2/repository/org/springframework/boot/spring-boot-starter-aop/3.3.0/spring-boot-starter-aop-3.3.0.jar:/Users/andrii.vytiahanets/.m2/repository/org/aspectj/aspectjweaver/1.9.22/aspectjweaver-1.9.22.jar:/Users/andrii.vytiahanets/.m2/repository/org/springframework/boot/spring-boot-starter-jdbc/3.3.0/spring-boot-starter-jdbc-3.3.0.jar:/Users/andrii.vytiahanets/.m2/repository/com/zaxxer/HikariCP/5.1.0/HikariCP-5.1.0.jar:/Users/andrii.vytiahanets/.m2/repository/org/springframework/spring-jdbc/6.1.8/spring-jdbc-6.1.8.jar:/Users/andrii.vytiahanets/.m2/repository/org/hibernate/orm/hibernate-core/6.5.2.Final/hibernate-core-6.5.2.Final.jar:/Users/andrii.vytiahanets/.m2/repository/jakarta/persistence/jakarta.persistence-api/3.1.0/jakarta.persistence-api-3.1.0.jar:/Users/andrii.vytiahanets/.m2/repository/jakarta/transaction/jakarta.transaction-api/2.0.1/jakarta.transaction-api-2.0.1.jar:/Users/andrii.vytiahanets/.m2/repository/org/hibernate/common/hibernate-commons-annotations/6.0.6.Final/hibernate-commons-annotations-6.0.6.Final.jar:/Users/andrii.vytiahanets/.m2/repository/io/smallrye/jandex/3.1.2/jandex-3.1.2.jar:/Users/andrii.vytiahanets/.m2/repository/net/bytebuddy/byte-buddy/1.14.16/byte-buddy-1.14.16.jar:/Users/andrii.vytiahanets/.m2/repository/org/glassfish/jaxb/jaxb-runtime/4.0.5/jaxb-runtime-4.0.5.jar:/Users/andrii.vytiahanets/.m2/repository/org/glassfish/jaxb/jaxb-core/4.0.5/jaxb-core-4.0.5.jar:/Users/andrii.vytiahanets/.m2/repository/org/eclipse/angus/angus-activation/2.0.2/angus-activation-2.0.2.jar:/Users/andrii.vytiahanets/.m2/repository/org/glassfish/jaxb/txw2/4.0.5/txw2-4.0.5.jar:/Users/andrii.vytiahanets/.m2/repository/com/sun/istack/istack-commons-runtime/4.1.2/istack-commons-runtime-4.1.2.jar:/Users/andrii.vytiahanets/.m2/repository/jakarta/inject/jakarta.inject-api/2.0.1/jakarta.inject-api-2.0.1.jar:/Users/andrii.vytiahanets/.m2/repository/org/antlr/antlr4-runtime/4.13.0/antlr4-runtime-4.13.0.jar:/Users/andrii.vytiahanets/.m2/repository/org/springframework/data/spring-data-jpa/3.3.0/spring-data-jpa-3.3.0.jar:/Users/andrii.vytiahanets/.m2/repository/org/springframework/data/spring-data-commons/3.3.0/spring-data-commons-3.3.0.jar:/Users/andrii.vytiahanets/.m2/repository/org/springframework/spring-orm/6.1.8/spring-orm-6.1.8.jar:/Users/andrii.vytiahanets/.m2/repository/org/springframework/spring-context/6.1.8/spring-context-6.1.8.jar:/Users/andrii.vytiahanets/.m2/repository/org/springframework/spring-tx/6.1.8/spring-tx-6.1.8.jar:/Users/andrii.vytiahanets/.m2/repository/org/springframework/spring-beans/6.1.8/spring-beans-6.1.8.jar:/Users/andrii.vytiahanets/.m2/repository/org/springframework/spring-aspects/6.1.8/spring-aspects-6.1.8.jar:/Users/andrii.vytiahanets/.m2/repository/com/mysql/mysql-connector-j/8.2.0/mysql-connector-j-8.2.0.jar:/Users/andrii.vytiahanets/.m2/repository/org/springframework/boot/spring-boot-starter-web/3.3.0/spring-boot-starter-web-3.3.0.jar:/Users/andrii.vytiahanets/.m2/repository/org/springframework/boot/spring-boot-starter-json/3.3.0/spring-boot-starter-json-3.3.0.jar:/Users/andrii.vytiahanets/.m2/repository/com/fasterxml/jackson/datatype/jackson-datatype-jdk8/2.17.1/jackson-datatype-jdk8-2.17.1.jar:/Users/andrii.vytiahanets/.m2/repository/com/fasterxml/jackson/datatype/jackson-datatype-jsr310/2.17.1/jackson-datatype-jsr310-2.17.1.jar:/Users/andrii.vytiahanets/.m2/repository/com/fasterxml/jackson/module/jackson-module-parameter-names/2.17.1/jackson-module-parameter-names-2.17.1.jar:/Users/andrii.vytiahanets/.m2/repository/org/springframework/boot/spring-boot-starter-tomcat/3.3.0/spring-boot-starter-tomcat-3.3.0.jar:/Users/andrii.vytiahanets/.m2/repository/org/apache/tomcat/embed/tomcat-embed-core/10.1.24/tomcat-embed-core-10.1.24.jar:/Users/andrii.vytiahanets/.m2/repository/org/apache/tomcat/embed/tomcat-embed-websocket/10.1.24/tomcat-embed-websocket-10.1.24.jar:/Users/andrii.vytiahanets/.m2/repository/org/springframework/spring-web/6.1.8/spring-web-6.1.8.jar:/Users/andrii.vytiahanets/.m2/repository/org/springframework/spring-webmvc/6.1.8/spring-webmvc-6.1.8.jar:/Users/andrii.vytiahanets/.m2/repository/org/springframework/spring-expression/6.1.8/spring-expression-6.1.8.jar:/Users/andrii.vytiahanets/.m2/repository/org/projectlombok/lombok/1.18.32/lombok-1.18.32.jar:/Users/andrii.vytiahanets/.m2/repository/org/springframework/boot/spring-boot-starter-test/3.3.0/spring-boot-starter-test-3.3.0.jar:/Users/andrii.vytiahanets/.m2/repository/org/springframework/boot/spring-boot-test/3.3.0/spring-boot-test-3.3.0.jar:/Users/andrii.vytiahanets/.m2/repository/org/springframework/boot/spring-boot-test-autoconfigure/3.3.0/spring-boot-test-autoconfigure-3.3.0.jar:/Users/andrii.vytiahanets/.m2/repository/com/jayway/jsonpath/json-path/2.9.0/json-path-2.9.0.jar:/Users/andrii.vytiahanets/.m2/repository/jakarta/xml/bind/jakarta.xml.bind-api/4.0.2/jakarta.xml.bind-api-4.0.2.jar:/Users/andrii.vytiahanets/.m2/repository/jakarta/activation/jakarta.activation-api/2.1.3/jakarta.activation-api-2.1.3.jar:/Users/andrii.vytiahanets/.m2/repository/net/minidev/json-smart/2.5.1/json-smart-2.5.1.jar:/Users/andrii.vytiahanets/.m2/repository/net/minidev/accessors-smart/2.5.1/accessors-smart-2.5.1.jar:/Users/andrii.vytiahanets/.m2/repository/org/ow2/asm/asm/9.6/asm-9.6.jar:/Users/andrii.vytiahanets/.m2/repository/org/assertj/assertj-core/3.25.3/assertj-core-3.25.3.jar:/Users/andrii.vytiahanets/.m2/repository/org/awaitility/awaitility/4.2.1/awaitility-4.2.1.jar:/Users/andrii.vytiahanets/.m2/repository/org/hamcrest/hamcrest/2.2/hamcrest-2.2.jar:/Users/andrii.vytiahanets/.m2/repository/org/junit/jupiter/junit-jupiter/5.10.2/junit-jupiter-5.10.2.jar:/Users/andrii.vytiahanets/.m2/repository/org/junit/jupiter/junit-jupiter-api/5.10.2/junit-jupiter-api-5.10.2.jar:/Users/andrii.vytiahanets/.m2/repository/org/opentest4j/opentest4j/1.3.0/opentest4j-1.3.0.jar:/Users/andrii.vytiahanets/.m2/repository/org/junit/platform/junit-platform-commons/1.10.2/junit-platform-commons-1.10.2.jar:/Users/andrii.vytiahanets/.m2/repository/org/apiguardian/apiguardian-api/1.1.2/apiguardian-api-1.1.2.jar:/Users/andrii.vytiahanets/.m2/repository/org/junit/jupiter/junit-jupiter-params/5.10.2/junit-jupiter-params-5.10.2.jar:/Users/andrii.vytiahanets/.m2/repository/org/junit/jupiter/junit-jupiter-engine/5.10.2/junit-jupiter-engine-5.10.2.jar:/Users/andrii.vytiahanets/.m2/repository/org/junit/platform/junit-platform-engine/1.10.2/junit-platform-engine-1.10.2.jar:/Users/andrii.vytiahanets/.m2/repository/org/mockito/mockito-core/5.11.0/mockito-core-5.11.0.jar:/Users/andrii.vytiahanets/.m2/repository/net/bytebuddy/byte-buddy-agent/1.14.16/byte-buddy-agent-1.14.16.jar:/Users/andrii.vytiahanets/.m2/repository/org/objenesis/objenesis/3.3/objenesis-3.3.jar:/Users/andrii.vytiahanets/.m2/repository/org/mockito/mockito-junit-jupiter/5.11.0/mockito-junit-jupiter-5.11.0.jar:/Users/andrii.vytiahanets/.m2/repository/org/skyscreamer/jsonassert/1.5.1/jsonassert-1.5.1.jar:/Users/andrii.vytiahanets/.m2/repository/com/vaadin/external/google/android-json/0.0.20131108.vaadin1/android-json-0.0.20131108.vaadin1.jar:/Users/andrii.vytiahanets/.m2/repository/org/springframework/spring-core/6.1.8/spring-core-6.1.8.jar:/Users/andrii.vytiahanets/.m2/repository/org/springframework/spring-jcl/6.1.8/spring-jcl-6.1.8.jar:/Users/andrii.vytiahanets/.m2/repository/org/springframework/spring-test/6.1.8/spring-test-6.1.8.jar:/Users/andrii.vytiahanets/.m2/repository/org/xmlunit/xmlunit-core/2.9.1/xmlunit-core-2.9.1.jar:/Users/andrii.vytiahanets/.m2/repository/org/springframework/boot/spring-boot-starter-security/3.3.0/spring-boot-starter-security-3.3.0.jar:/Users/andrii.vytiahanets/.m2/repository/org/springframework/spring-aop/6.1.8/spring-aop-6.1.8.jar:/Users/andrii.vytiahanets/.m2/repository/org/springframework/security/spring-security-config/6.3.0/spring-security-config-6.3.0.jar:/Users/andrii.vytiahanets/.m2/repository/org/springframework/security/spring-security-core/6.3.0/spring-security-core-6.3.0.jar:/Users/andrii.vytiahanets/.m2/repository/org/springframework/security/spring-security-crypto/6.3.0/spring-security-crypto-6.3.0.jar:/Users/andrii.vytiahanets/.m2/repository/org/springframework/security/spring-security-web/6.3.0/spring-security-web-6.3.0.jar:/Users/andrii.vytiahanets/.m2/repository/io/jsonwebtoken/jjwt-impl/0.12.5/jjwt-impl-0.12.5.jar:/Users/andrii.vytiahanets/.m2/repository/io/jsonwebtoken/jjwt-api/0.12.5/jjwt-api-0.12.5.jar:/Users/andrii.vytiahanets/.m2/repository/io/jsonwebtoken/jjwt-jackson/0.12.5/jjwt-jackson-0.12.5.jar:/Users/andrii.vytiahanets/.m2/repository/com/fasterxml/jackson/core/jackson-databind/2.17.1/jackson-databind-2.17.1.jar:/Users/andrii.vytiahanets/.m2/repository/com/fasterxml/jackson/core/jackson-core/2.17.1/jackson-core-2.17.1.jar:/Users/andrii.vytiahanets/.m2/repository/org/apache/commons/commons-lang3/3.14.0/commons-lang3-3.14.0.jar:/Users/andrii.vytiahanets/.m2/repository/jakarta/validation/jakarta.validation-api/3.0.2/jakarta.validation-api-3.0.2.jar:/Users/andrii.vytiahanets/.m2/repository/io/springfox/springfox-swagger-ui/3.0.0/springfox-swagger-ui-3.0.0.jar:/Users/andrii.vytiahanets/.m2/repository/io/springfox/springfox-spring-webmvc/3.0.0/springfox-spring-webmvc-3.0.0.jar:/Users/andrii.vytiahanets/.m2/repository/io/springfox/springfox-spi/3.0.0/springfox-spi-3.0.0.jar:/Users/andrii.vytiahanets/.m2/repository/io/springfox/springfox-schema/3.0.0/springfox-schema-3.0.0.jar:/Users/andrii.vytiahanets/.m2/repository/io/springfox/springfox-core/3.0.0/springfox-core-3.0.0.jar:/Users/andrii.vytiahanets/.m2/repository/io/springfox/springfox-spring-web/3.0.0/springfox-spring-web-3.0.0.jar:/Users/andrii.vytiahanets/.m2/repository/io/github/classgraph/classgraph/4.8.83/classgraph-4.8.83.jar:/Users/andrii.vytiahanets/.m2/repository/org/springframework/plugin/spring-plugin-core/2.0.0.RELEASE/spring-plugin-core-2.0.0.RELEASE.jar:/Users/andrii.vytiahanets/.m2/repository/org/springframework/plugin/spring-plugin-metadata/2.0.0.RELEASE/spring-plugin-metadata-2.0.0.RELEASE.jar:/Users/andrii.vytiahanets/.m2/repository/org/modelmapper/modelmapper/3.2.0/modelmapper-3.2.0.jar:/Users/andrii.vytiahanets/.m2/repository/com/h2database/h2/2.2.224/h2-2.2.224.jar:/Users/andrii.vytiahanets/.m2/repository/org/springdoc/springdoc-openapi-starter-webmvc-ui/2.5.0/springdoc-openapi-starter-webmvc-ui-2.5.0.jar:/Users/andrii.vytiahanets/.m2/repository/org/springdoc/springdoc-openapi-starter-webmvc-api/2.5.0/springdoc-openapi-starter-webmvc-api-2.5.0.jar:/Users/andrii.vytiahanets/.m2/repository/org/springdoc/springdoc-openapi-starter-common/2.5.0/springdoc-openapi-starter-common-2.5.0.jar:/Users/andrii.vytiahanets/.m2/repository/io/swagger/core/v3/swagger-core-jakarta/2.2.21/swagger-core-jakarta-2.2.21.jar:/Users/andrii.vytiahanets/.m2/repository/io/swagger/core/v3/swagger-annotations-jakarta/2.2.21/swagger-annotations-jakarta-2.2.21.jar:/Users/andrii.vytiahanets/.m2/repository/io/swagger/core/v3/swagger-models-jakarta/2.2.21/swagger-models-jakarta-2.2.21.jar:/Users/andrii.vytiahanets/.m2/repository/com/fasterxml/jackson/dataformat/jackson-dataformat-yaml/2.17.1/jackson-dataformat-yaml-2.17.1.jar:/Users/andrii.vytiahanets/.m2/repository/org/webjars/swagger-ui/5.13.0/swagger-ui-5.13.0.jar:/Users/andrii.vytiahanets/.m2/repository/org/springframework/boot/spring-boot-starter-actuator/3.3.0/spring-boot-starter-actuator-3.3.0.jar:/Users/andrii.vytiahanets/.m2/repository/org/springframework/boot/spring-boot-actuator-autoconfigure/3.3.0/spring-boot-actuator-autoconfigure-3.3.0.jar:/Users/andrii.vytiahanets/.m2/repository/org/springframework/boot/spring-boot-actuator/3.3.0/spring-boot-actuator-3.3.0.jar:/Users/andrii.vytiahanets/.m2/repository/io/micrometer/micrometer-observation/1.13.0/micrometer-observation-1.13.0.jar:/Users/andrii.vytiahanets/.m2/repository/io/micrometer/micrometer-commons/1.13.0/micrometer-commons-1.13.0.jar:/Users/andrii.vytiahanets/.m2/repository/io/micrometer/micrometer-jakarta9/1.13.0/micrometer-jakarta9-1.13.0.jar:/Users/andrii.vytiahanets/.m2/repository/io/micrometer/micrometer-core/1.13.0/micrometer-core-1.13.0.jar:/Users/andrii.vytiahanets/.m2/repository/org/hdrhistogram/HdrHistogram/2.2.1/HdrHistogram-2.2.1.jar:/Users/andrii.vytiahanets/.m2/repository/org/latencyutils/LatencyUtils/2.0.3/LatencyUtils-2.0.3.jar:/Users/andrii.vytiahanets/.m2/repository/org/telegram/telegrambots/6.9.7.1/telegrambots-6.9.7.1.jar:/Users/andrii.vytiahanets/.m2/repository/org/telegram/telegrambots-meta/6.9.7.1/telegrambots-meta-6.9.7.1.jar:/Users/andrii.vytiahanets/.m2/repository/com/fasterxml/jackson/core/jackson-annotations/2.17.1/jackson-annotations-2.17.1.jar:/Users/andrii.vytiahanets/.m2/repository/com/fasterxml/jackson/jaxrs/jackson-jaxrs-json-provider/2.17.1/jackson-jaxrs-json-provider-2.17.1.jar:/Users/andrii.vytiahanets/.m2/repository/com/fasterxml/jackson/jaxrs/jackson-jaxrs-base/2.17.1/jackson-jaxrs-base-2.17.1.jar:/Users/andrii.vytiahanets/.m2/repository/com/fasterxml/jackson/module/jackson-module-jaxb-annotations/2.17.1/jackson-module-jaxb-annotations-2.17.1.jar:/Users/andrii.vytiahanets/.m2/repository/org/glassfish/jersey/inject/jersey-hk2/3.1.6/jersey-hk2-3.1.6.jar:/Users/andrii.vytiahanets/.m2/repository/org/glassfish/jersey/core/jersey-common/3.1.6/jersey-common-3.1.6.jar:/Users/andrii.vytiahanets/.m2/repository/org/glassfish/hk2/osgi-resource-locator/1.0.3/osgi-resource-locator-1.0.3.jar:/Users/andrii.vytiahanets/.m2/repository/org/glassfish/hk2/hk2-locator/3.0.6/hk2-locator-3.0.6.jar:/Users/andrii.vytiahanets/.m2/repository/org/glassfish/hk2/external/aopalliance-repackaged/3.0.6/aopalliance-repackaged-3.0.6.jar:/Users/andrii.vytiahanets/.m2/repository/org/glassfish/hk2/hk2-api/3.0.6/hk2-api-3.0.6.jar:/Users/andrii.vytiahanets/.m2/repository/org/glassfish/hk2/hk2-utils/3.0.6/hk2-utils-3.0.6.jar:/Users/andrii.vytiahanets/.m2/repository/org/javassist/javassist/3.30.2-GA/javassist-3.30.2-GA.jar:/Users/andrii.vytiahanets/.m2/repository/org/glassfish/jersey/media/jersey-media-json-jackson/3.1.6/jersey-media-json-jackson-3.1.6.jar:/Users/andrii.vytiahanets/.m2/repository/org/glassfish/jersey/ext/jersey-entity-filtering/3.1.6/jersey-entity-filtering-3.1.6.jar:/Users/andrii.vytiahanets/.m2/repository/com/fasterxml/jackson/module/jackson-module-jakarta-xmlbind-annotations/2.17.1/jackson-module-jakarta-xmlbind-annotations-2.17.1.jar:/Users/andrii.vytiahanets/.m2/repository/org/glassfish/jersey/containers/jersey-container-grizzly2-http/3.1.6/jersey-container-grizzly2-http-3.1.6.jar:/Users/andrii.vytiahanets/.m2/repository/org/glassfish/grizzly/grizzly-http-server/4.0.2/grizzly-http-server-4.0.2.jar:/Users/andrii.vytiahanets/.m2/repository/org/glassfish/grizzly/grizzly-http/4.0.2/grizzly-http-4.0.2.jar:/Users/andrii.vytiahanets/.m2/repository/org/glassfish/grizzly/grizzly-framework/4.0.2/grizzly-framework-4.0.2.jar:/Users/andrii.vytiahanets/.m2/repository/jakarta/ws/rs/jakarta.ws.rs-api/3.1.0/jakarta.ws.rs-api-3.1.0.jar:/Users/andrii.vytiahanets/.m2/repository/org/glassfish/jersey/core/jersey-server/3.1.6/jersey-server-3.1.6.jar:/Users/andrii.vytiahanets/.m2/repository/org/glassfish/jersey/core/jersey-client/3.1.6/jersey-client-3.1.6.jar:/Users/andrii.vytiahanets/.m2/repository/org/apache/httpcomponents/httpclient/4.5.14/httpclient-4.5.14.jar:/Users/andrii.vytiahanets/.m2/repository/org/apache/httpcomponents/httpcore/4.4.16/httpcore-4.4.16.jar:/Users/andrii.vytiahanets/.m2/repository/commons-logging/commons-logging/1.2/commons-logging-1.2.jar:/Users/andrii.vytiahanets/.m2/repository/commons-codec/commons-codec/1.16.1/commons-codec-1.16.1.jar:/Users/andrii.vytiahanets/.m2/repository/org/apache/httpcomponents/httpmime/4.5.14/httpmime-4.5.14.jar:/Users/andrii.vytiahanets/.m2/repository/commons-io/commons-io/2.15.1/commons-io-2.15.1.jar:/Users/andrii.vytiahanets/.m2/repository/org/slf4j/slf4j-api/2.0.13/slf4j-api-2.0.13.jar:"/>
    <property name="java.vm.vendor" value="Oracle Corporation"/>
    <property name="sun.arch.data.model" value="64"/>
    <property name="java.vendor.url" value="https://java.oracle.com/"/>
    <property name="user.timezone" value="Europe/Berlin"/>
    <property name="org.jboss.logging.provider" value="slf4j"/>
    <property name="os.name" value="Mac OS X"/>
    <property name="java.vm.specification.version" value="22"/>
    <property name="sun.java.launcher" value="SUN_STANDARD"/>
    <property name="user.country" value="UA"/>
    <property name="sun.boot.library.path" value="/Users/andrii.vytiahanets/Library/Java/JavaVirtualMachines/openjdk-22.0.1/Contents/Home/lib"/>
    <property name="sun.java.command" value="/Users/andrii.vytiahanets/Documents/Tel-Ran_by_Starta_Institute/onlineshopproject/target/surefire/surefirebooter-20240716122519552_3.jar /Users/andrii.vytiahanets/Documents/Tel-Ran_by_Starta_Institute/onlineshopproject/target/surefire 2024-07-16T12-25-19_219-jvmRun1 surefire-20240716122519552_1tmp surefire_0-20240716122519552_2tmp"/>
    <property name="http.nonProxyHosts" value="local|*.local|169.254/16|*.169.254/16"/>
    <property name="jdk.debug" value="release"/>
    <property name="surefire.test.class.path" value="/Users/andrii.vytiahanets/Documents/Tel-Ran_by_Starta_Institute/onlineshopproject/target/test-classes:/Users/andrii.vytiahanets/Documents/Tel-Ran_by_Starta_Institute/onlineshopproject/target/classes:/Users/andrii.vytiahanets/.m2/repository/org/springframework/boot/spring-boot-starter-validation/3.3.0/spring-boot-starter-validation-3.3.0.jar:/Users/andrii.vytiahanets/.m2/repository/org/springframework/boot/spring-boot-starter/3.3.0/spring-boot-starter-3.3.0.jar:/Users/andrii.vytiahanets/.m2/repository/org/springframework/boot/spring-boot/3.3.0/spring-boot-3.3.0.jar:/Users/andrii.vytiahanets/.m2/repository/org/springframework/boot/spring-boot-autoconfigure/3.3.0/spring-boot-autoconfigure-3.3.0.jar:/Users/andrii.vytiahanets/.m2/repository/org/springframework/boot/spring-boot-starter-logging/3.3.0/spring-boot-starter-logging-3.3.0.jar:/Users/andrii.vytiahanets/.m2/repository/ch/qos/logback/logback-classic/1.5.6/logback-classic-1.5.6.jar:/Users/andrii.vytiahanets/.m2/repository/ch/qos/logback/logback-core/1.5.6/logback-core-1.5.6.jar:/Users/andrii.vytiahanets/.m2/repository/org/apache/logging/log4j/log4j-to-slf4j/2.23.1/log4j-to-slf4j-2.23.1.jar:/Users/andrii.vytiahanets/.m2/repository/org/apache/logging/log4j/log4j-api/2.23.1/log4j-api-2.23.1.jar:/Users/andrii.vytiahanets/.m2/repository/org/slf4j/jul-to-slf4j/2.0.13/jul-to-slf4j-2.0.13.jar:/Users/andrii.vytiahanets/.m2/repository/jakarta/annotation/jakarta.annotation-api/2.1.1/jakarta.annotation-api-2.1.1.jar:/Users/andrii.vytiahanets/.m2/repository/org/apache/tomcat/embed/tomcat-embed-el/10.1.24/tomcat-embed-el-10.1.24.jar:/Users/andrii.vytiahanets/.m2/repository/org/hibernate/validator/hibernate-validator/8.0.1.Final/hibernate-validator-8.0.1.Final.jar:/Users/andrii.vytiahanets/.m2/repository/org/jboss/logging/jboss-logging/3.5.3.Final/jboss-logging-3.5.3.Final.jar:/Users/andrii.vytiahanets/.m2/repository/com/fasterxml/classmate/1.7.0/classmate-1.7.0.jar:/Users/andrii.vytiahanets/.m2/repository/org/liquibase/liquibase-core/4.27.0/liquibase-core-4.27.0.jar:/Users/andrii.vytiahanets/.m2/repository/com/opencsv/opencsv/5.9/opencsv-5.9.jar:/Users/andrii.vytiahanets/.m2/repository/org/apache/commons/commons-text/1.11.0/commons-text-1.11.0.jar:/Users/andrii.vytiahanets/.m2/repository/org/apache/commons/commons-collections4/4.4/commons-collections4-4.4.jar:/Users/andrii.vytiahanets/.m2/repository/org/yaml/snakeyaml/2.2/snakeyaml-2.2.jar:/Users/andrii.vytiahanets/.m2/repository/javax/xml/bind/jaxb-api/2.3.1/jaxb-api-2.3.1.jar:/Users/andrii.vytiahanets/.m2/repository/org/springframework/boot/spring-boot-starter-data-jpa/3.3.0/spring-boot-starter-data-jpa-3.3.0.jar:/Users/andrii.vytiahanets/.m2/repository/org/springframework/boot/spring-boot-starter-aop/3.3.0/spring-boot-starter-aop-3.3.0.jar:/Users/andrii.vytiahanets/.m2/repository/org/aspectj/aspectjweaver/1.9.22/aspectjweaver-1.9.22.jar:/Users/andrii.vytiahanets/.m2/repository/org/springframework/boot/spring-boot-starter-jdbc/3.3.0/spring-boot-starter-jdbc-3.3.0.jar:/Users/andrii.vytiahanets/.m2/repository/com/zaxxer/HikariCP/5.1.0/HikariCP-5.1.0.jar:/Users/andrii.vytiahanets/.m2/repository/org/springframework/spring-jdbc/6.1.8/spring-jdbc-6.1.8.jar:/Users/andrii.vytiahanets/.m2/repository/org/hibernate/orm/hibernate-core/6.5.2.Final/hibernate-core-6.5.2.Final.jar:/Users/andrii.vytiahanets/.m2/repository/jakarta/persistence/jakarta.persistence-api/3.1.0/jakarta.persistence-api-3.1.0.jar:/Users/andrii.vytiahanets/.m2/repository/jakarta/transaction/jakarta.transaction-api/2.0.1/jakarta.transaction-api-2.0.1.jar:/Users/andrii.vytiahanets/.m2/repository/org/hibernate/common/hibernate-commons-annotations/6.0.6.Final/hibernate-commons-annotations-6.0.6.Final.jar:/Users/andrii.vytiahanets/.m2/repository/io/smallrye/jandex/3.1.2/jandex-3.1.2.jar:/Users/andrii.vytiahanets/.m2/repository/net/bytebuddy/byte-buddy/1.14.16/byte-buddy-1.14.16.jar:/Users/andrii.vytiahanets/.m2/repository/org/glassfish/jaxb/jaxb-runtime/4.0.5/jaxb-runtime-4.0.5.jar:/Users/andrii.vytiahanets/.m2/repository/org/glassfish/jaxb/jaxb-core/4.0.5/jaxb-core-4.0.5.jar:/Users/andrii.vytiahanets/.m2/repository/org/eclipse/angus/angus-activation/2.0.2/angus-activation-2.0.2.jar:/Users/andrii.vytiahanets/.m2/repository/org/glassfish/jaxb/txw2/4.0.5/txw2-4.0.5.jar:/Users/andrii.vytiahanets/.m2/repository/com/sun/istack/istack-commons-runtime/4.1.2/istack-commons-runtime-4.1.2.jar:/Users/andrii.vytiahanets/.m2/repository/jakarta/inject/jakarta.inject-api/2.0.1/jakarta.inject-api-2.0.1.jar:/Users/andrii.vytiahanets/.m2/repository/org/antlr/antlr4-runtime/4.13.0/antlr4-runtime-4.13.0.jar:/Users/andrii.vytiahanets/.m2/repository/org/springframework/data/spring-data-jpa/3.3.0/spring-data-jpa-3.3.0.jar:/Users/andrii.vytiahanets/.m2/repository/org/springframework/data/spring-data-commons/3.3.0/spring-data-commons-3.3.0.jar:/Users/andrii.vytiahanets/.m2/repository/org/springframework/spring-orm/6.1.8/spring-orm-6.1.8.jar:/Users/andrii.vytiahanets/.m2/repository/org/springframework/spring-context/6.1.8/spring-context-6.1.8.jar:/Users/andrii.vytiahanets/.m2/repository/org/springframework/spring-tx/6.1.8/spring-tx-6.1.8.jar:/Users/andrii.vytiahanets/.m2/repository/org/springframework/spring-beans/6.1.8/spring-beans-6.1.8.jar:/Users/andrii.vytiahanets/.m2/repository/org/springframework/spring-aspects/6.1.8/spring-aspects-6.1.8.jar:/Users/andrii.vytiahanets/.m2/repository/com/mysql/mysql-connector-j/8.2.0/mysql-connector-j-8.2.0.jar:/Users/andrii.vytiahanets/.m2/repository/org/springframework/boot/spring-boot-starter-web/3.3.0/spring-boot-starter-web-3.3.0.jar:/Users/andrii.vytiahanets/.m2/repository/org/springframework/boot/spring-boot-starter-json/3.3.0/spring-boot-starter-json-3.3.0.jar:/Users/andrii.vytiahanets/.m2/repository/com/fasterxml/jackson/datatype/jackson-datatype-jdk8/2.17.1/jackson-datatype-jdk8-2.17.1.jar:/Users/andrii.vytiahanets/.m2/repository/com/fasterxml/jackson/datatype/jackson-datatype-jsr310/2.17.1/jackson-datatype-jsr310-2.17.1.jar:/Users/andrii.vytiahanets/.m2/repository/com/fasterxml/jackson/module/jackson-module-parameter-names/2.17.1/jackson-module-parameter-names-2.17.1.jar:/Users/andrii.vytiahanets/.m2/repository/org/springframework/boot/spring-boot-starter-tomcat/3.3.0/spring-boot-starter-tomcat-3.3.0.jar:/Users/andrii.vytiahanets/.m2/repository/org/apache/tomcat/embed/tomcat-embed-core/10.1.24/tomcat-embed-core-10.1.24.jar:/Users/andrii.vytiahanets/.m2/repository/org/apache/tomcat/embed/tomcat-embed-websocket/10.1.24/tomcat-embed-websocket-10.1.24.jar:/Users/andrii.vytiahanets/.m2/repository/org/springframework/spring-web/6.1.8/spring-web-6.1.8.jar:/Users/andrii.vytiahanets/.m2/repository/org/springframework/spring-webmvc/6.1.8/spring-webmvc-6.1.8.jar:/Users/andrii.vytiahanets/.m2/repository/org/springframework/spring-expression/6.1.8/spring-expression-6.1.8.jar:/Users/andrii.vytiahanets/.m2/repository/org/projectlombok/lombok/1.18.32/lombok-1.18.32.jar:/Users/andrii.vytiahanets/.m2/repository/org/springframework/boot/spring-boot-starter-test/3.3.0/spring-boot-starter-test-3.3.0.jar:/Users/andrii.vytiahanets/.m2/repository/org/springframework/boot/spring-boot-test/3.3.0/spring-boot-test-3.3.0.jar:/Users/andrii.vytiahanets/.m2/repository/org/springframework/boot/spring-boot-test-autoconfigure/3.3.0/spring-boot-test-autoconfigure-3.3.0.jar:/Users/andrii.vytiahanets/.m2/repository/com/jayway/jsonpath/json-path/2.9.0/json-path-2.9.0.jar:/Users/andrii.vytiahanets/.m2/repository/jakarta/xml/bind/jakarta.xml.bind-api/4.0.2/jakarta.xml.bind-api-4.0.2.jar:/Users/andrii.vytiahanets/.m2/repository/jakarta/activation/jakarta.activation-api/2.1.3/jakarta.activation-api-2.1.3.jar:/Users/andrii.vytiahanets/.m2/repository/net/minidev/json-smart/2.5.1/json-smart-2.5.1.jar:/Users/andrii.vytiahanets/.m2/repository/net/minidev/accessors-smart/2.5.1/accessors-smart-2.5.1.jar:/Users/andrii.vytiahanets/.m2/repository/org/ow2/asm/asm/9.6/asm-9.6.jar:/Users/andrii.vytiahanets/.m2/repository/org/assertj/assertj-core/3.25.3/assertj-core-3.25.3.jar:/Users/andrii.vytiahanets/.m2/repository/org/awaitility/awaitility/4.2.1/awaitility-4.2.1.jar:/Users/andrii.vytiahanets/.m2/repository/org/hamcrest/hamcrest/2.2/hamcrest-2.2.jar:/Users/andrii.vytiahanets/.m2/repository/org/junit/jupiter/junit-jupiter/5.10.2/junit-jupiter-5.10.2.jar:/Users/andrii.vytiahanets/.m2/repository/org/junit/jupiter/junit-jupiter-api/5.10.2/junit-jupiter-api-5.10.2.jar:/Users/andrii.vytiahanets/.m2/repository/org/opentest4j/opentest4j/1.3.0/opentest4j-1.3.0.jar:/Users/andrii.vytiahanets/.m2/repository/org/junit/platform/junit-platform-commons/1.10.2/junit-platform-commons-1.10.2.jar:/Users/andrii.vytiahanets/.m2/repository/org/apiguardian/apiguardian-api/1.1.2/apiguardian-api-1.1.2.jar:/Users/andrii.vytiahanets/.m2/repository/org/junit/jupiter/junit-jupiter-params/5.10.2/junit-jupiter-params-5.10.2.jar:/Users/andrii.vytiahanets/.m2/repository/org/junit/jupiter/junit-jupiter-engine/5.10.2/junit-jupiter-engine-5.10.2.jar:/Users/andrii.vytiahanets/.m2/repository/org/junit/platform/junit-platform-engine/1.10.2/junit-platform-engine-1.10.2.jar:/Users/andrii.vytiahanets/.m2/repository/org/mockito/mockito-core/5.11.0/mockito-core-5.11.0.jar:/Users/andrii.vytiahanets/.m2/repository/net/bytebuddy/byte-buddy-agent/1.14.16/byte-buddy-agent-1.14.16.jar:/Users/andrii.vytiahanets/.m2/repository/org/objenesis/objenesis/3.3/objenesis-3.3.jar:/Users/andrii.vytiahanets/.m2/repository/org/mockito/mockito-junit-jupiter/5.11.0/mockito-junit-jupiter-5.11.0.jar:/Users/andrii.vytiahanets/.m2/repository/org/skyscreamer/jsonassert/1.5.1/jsonassert-1.5.1.jar:/Users/andrii.vytiahanets/.m2/repository/com/vaadin/external/google/android-json/0.0.20131108.vaadin1/android-json-0.0.20131108.vaadin1.jar:/Users/andrii.vytiahanets/.m2/repository/org/springframework/spring-core/6.1.8/spring-core-6.1.8.jar:/Users/andrii.vytiahanets/.m2/repository/org/springframework/spring-jcl/6.1.8/spring-jcl-6.1.8.jar:/Users/andrii.vytiahanets/.m2/repository/org/springframework/spring-test/6.1.8/spring-test-6.1.8.jar:/Users/andrii.vytiahanets/.m2/repository/org/xmlunit/xmlunit-core/2.9.1/xmlunit-core-2.9.1.jar:/Users/andrii.vytiahanets/.m2/repository/org/springframework/boot/spring-boot-starter-security/3.3.0/spring-boot-starter-security-3.3.0.jar:/Users/andrii.vytiahanets/.m2/repository/org/springframework/spring-aop/6.1.8/spring-aop-6.1.8.jar:/Users/andrii.vytiahanets/.m2/repository/org/springframework/security/spring-security-config/6.3.0/spring-security-config-6.3.0.jar:/Users/andrii.vytiahanets/.m2/repository/org/springframework/security/spring-security-core/6.3.0/spring-security-core-6.3.0.jar:/Users/andrii.vytiahanets/.m2/repository/org/springframework/security/spring-security-crypto/6.3.0/spring-security-crypto-6.3.0.jar:/Users/andrii.vytiahanets/.m2/repository/org/springframework/security/spring-security-web/6.3.0/spring-security-web-6.3.0.jar:/Users/andrii.vytiahanets/.m2/repository/io/jsonwebtoken/jjwt-impl/0.12.5/jjwt-impl-0.12.5.jar:/Users/andrii.vytiahanets/.m2/repository/io/jsonwebtoken/jjwt-api/0.12.5/jjwt-api-0.12.5.jar:/Users/andrii.vytiahanets/.m2/repository/io/jsonwebtoken/jjwt-jackson/0.12.5/jjwt-jackson-0.12.5.jar:/Users/andrii.vytiahanets/.m2/repository/com/fasterxml/jackson/core/jackson-databind/2.17.1/jackson-databind-2.17.1.jar:/Users/andrii.vytiahanets/.m2/repository/com/fasterxml/jackson/core/jackson-core/2.17.1/jackson-core-2.17.1.jar:/Users/andrii.vytiahanets/.m2/repository/org/apache/commons/commons-lang3/3.14.0/commons-lang3-3.14.0.jar:/Users/andrii.vytiahanets/.m2/repository/jakarta/validation/jakarta.validation-api/3.0.2/jakarta.validation-api-3.0.2.jar:/Users/andrii.vytiahanets/.m2/repository/io/springfox/springfox-swagger-ui/3.0.0/springfox-swagger-ui-3.0.0.jar:/Users/andrii.vytiahanets/.m2/repository/io/springfox/springfox-spring-webmvc/3.0.0/springfox-spring-webmvc-3.0.0.jar:/Users/andrii.vytiahanets/.m2/repository/io/springfox/springfox-spi/3.0.0/springfox-spi-3.0.0.jar:/Users/andrii.vytiahanets/.m2/repository/io/springfox/springfox-schema/3.0.0/springfox-schema-3.0.0.jar:/Users/andrii.vytiahanets/.m2/repository/io/springfox/springfox-core/3.0.0/springfox-core-3.0.0.jar:/Users/andrii.vytiahanets/.m2/repository/io/springfox/springfox-spring-web/3.0.0/springfox-spring-web-3.0.0.jar:/Users/andrii.vytiahanets/.m2/repository/io/github/classgraph/classgraph/4.8.83/classgraph-4.8.83.jar:/Users/andrii.vytiahanets/.m2/repository/org/springframework/plugin/spring-plugin-core/2.0.0.RELEASE/spring-plugin-core-2.0.0.RELEASE.jar:/Users/andrii.vytiahanets/.m2/repository/org/springframework/plugin/spring-plugin-metadata/2.0.0.RELEASE/spring-plugin-metadata-2.0.0.RELEASE.jar:/Users/andrii.vytiahanets/.m2/repository/org/modelmapper/modelmapper/3.2.0/modelmapper-3.2.0.jar:/Users/andrii.vytiahanets/.m2/repository/com/h2database/h2/2.2.224/h2-2.2.224.jar:/Users/andrii.vytiahanets/.m2/repository/org/springdoc/springdoc-openapi-starter-webmvc-ui/2.5.0/springdoc-openapi-starter-webmvc-ui-2.5.0.jar:/Users/andrii.vytiahanets/.m2/repository/org/springdoc/springdoc-openapi-starter-webmvc-api/2.5.0/springdoc-openapi-starter-webmvc-api-2.5.0.jar:/Users/andrii.vytiahanets/.m2/repository/org/springdoc/springdoc-openapi-starter-common/2.5.0/springdoc-openapi-starter-common-2.5.0.jar:/Users/andrii.vytiahanets/.m2/repository/io/swagger/core/v3/swagger-core-jakarta/2.2.21/swagger-core-jakarta-2.2.21.jar:/Users/andrii.vytiahanets/.m2/repository/io/swagger/core/v3/swagger-annotations-jakarta/2.2.21/swagger-annotations-jakarta-2.2.21.jar:/Users/andrii.vytiahanets/.m2/repository/io/swagger/core/v3/swagger-models-jakarta/2.2.21/swagger-models-jakarta-2.2.21.jar:/Users/andrii.vytiahanets/.m2/repository/com/fasterxml/jackson/dataformat/jackson-dataformat-yaml/2.17.1/jackson-dataformat-yaml-2.17.1.jar:/Users/andrii.vytiahanets/.m2/repository/org/webjars/swagger-ui/5.13.0/swagger-ui-5.13.0.jar:/Users/andrii.vytiahanets/.m2/repository/org/springframework/boot/spring-boot-starter-actuator/3.3.0/spring-boot-starter-actuator-3.3.0.jar:/Users/andrii.vytiahanets/.m2/repository/org/springframework/boot/spring-boot-actuator-autoconfigure/3.3.0/spring-boot-actuator-autoconfigure-3.3.0.jar:/Users/andrii.vytiahanets/.m2/repository/org/springframework/boot/spring-boot-actuator/3.3.0/spring-boot-actuator-3.3.0.jar:/Users/andrii.vytiahanets/.m2/repository/io/micrometer/micrometer-observation/1.13.0/micrometer-observation-1.13.0.jar:/Users/andrii.vytiahanets/.m2/repository/io/micrometer/micrometer-commons/1.13.0/micrometer-commons-1.13.0.jar:/Users/andrii.vytiahanets/.m2/repository/io/micrometer/micrometer-jakarta9/1.13.0/micrometer-jakarta9-1.13.0.jar:/Users/andrii.vytiahanets/.m2/repository/io/micrometer/micrometer-core/1.13.0/micrometer-core-1.13.0.jar:/Users/andrii.vytiahanets/.m2/repository/org/hdrhistogram/HdrHistogram/2.2.1/HdrHistogram-2.2.1.jar:/Users/andrii.vytiahanets/.m2/repository/org/latencyutils/LatencyUtils/2.0.3/LatencyUtils-2.0.3.jar:/Users/andrii.vytiahanets/.m2/repository/org/telegram/telegrambots/6.9.7.1/telegrambots-6.9.7.1.jar:/Users/andrii.vytiahanets/.m2/repository/org/telegram/telegrambots-meta/6.9.7.1/telegrambots-meta-6.9.7.1.jar:/Users/andrii.vytiahanets/.m2/repository/com/fasterxml/jackson/core/jackson-annotations/2.17.1/jackson-annotations-2.17.1.jar:/Users/andrii.vytiahanets/.m2/repository/com/fasterxml/jackson/jaxrs/jackson-jaxrs-json-provider/2.17.1/jackson-jaxrs-json-provider-2.17.1.jar:/Users/andrii.vytiahanets/.m2/repository/com/fasterxml/jackson/jaxrs/jackson-jaxrs-base/2.17.1/jackson-jaxrs-base-2.17.1.jar:/Users/andrii.vytiahanets/.m2/repository/com/fasterxml/jackson/module/jackson-module-jaxb-annotations/2.17.1/jackson-module-jaxb-annotations-2.17.1.jar:/Users/andrii.vytiahanets/.m2/repository/org/glassfish/jersey/inject/jersey-hk2/3.1.6/jersey-hk2-3.1.6.jar:/Users/andrii.vytiahanets/.m2/repository/org/glassfish/jersey/core/jersey-common/3.1.6/jersey-common-3.1.6.jar:/Users/andrii.vytiahanets/.m2/repository/org/glassfish/hk2/osgi-resource-locator/1.0.3/osgi-resource-locator-1.0.3.jar:/Users/andrii.vytiahanets/.m2/repository/org/glassfish/hk2/hk2-locator/3.0.6/hk2-locator-3.0.6.jar:/Users/andrii.vytiahanets/.m2/repository/org/glassfish/hk2/external/aopalliance-repackaged/3.0.6/aopalliance-repackaged-3.0.6.jar:/Users/andrii.vytiahanets/.m2/repository/org/glassfish/hk2/hk2-api/3.0.6/hk2-api-3.0.6.jar:/Users/andrii.vytiahanets/.m2/repository/org/glassfish/hk2/hk2-utils/3.0.6/hk2-utils-3.0.6.jar:/Users/andrii.vytiahanets/.m2/repository/org/javassist/javassist/3.30.2-GA/javassist-3.30.2-GA.jar:/Users/andrii.vytiahanets/.m2/repository/org/glassfish/jersey/media/jersey-media-json-jackson/3.1.6/jersey-media-json-jackson-3.1.6.jar:/Users/andrii.vytiahanets/.m2/repository/org/glassfish/jersey/ext/jersey-entity-filtering/3.1.6/jersey-entity-filtering-3.1.6.jar:/Users/andrii.vytiahanets/.m2/repository/com/fasterxml/jackson/module/jackson-module-jakarta-xmlbind-annotations/2.17.1/jackson-module-jakarta-xmlbind-annotations-2.17.1.jar:/Users/andrii.vytiahanets/.m2/repository/org/glassfish/jersey/containers/jersey-container-grizzly2-http/3.1.6/jersey-container-grizzly2-http-3.1.6.jar:/Users/andrii.vytiahanets/.m2/repository/org/glassfish/grizzly/grizzly-http-server/4.0.2/grizzly-http-server-4.0.2.jar:/Users/andrii.vytiahanets/.m2/repository/org/glassfish/grizzly/grizzly-http/4.0.2/grizzly-http-4.0.2.jar:/Users/andrii.vytiahanets/.m2/repository/org/glassfish/grizzly/grizzly-framework/4.0.2/grizzly-framework-4.0.2.jar:/Users/andrii.vytiahanets/.m2/repository/jakarta/ws/rs/jakarta.ws.rs-api/3.1.0/jakarta.ws.rs-api-3.1.0.jar:/Users/andrii.vytiahanets/.m2/repository/org/glassfish/jersey/core/jersey-server/3.1.6/jersey-server-3.1.6.jar:/Users/andrii.vytiahanets/.m2/repository/org/glassfish/jersey/core/jersey-client/3.1.6/jersey-client-3.1.6.jar:/Users/andrii.vytiahanets/.m2/repository/org/apache/httpcomponents/httpclient/4.5.14/httpclient-4.5.14.jar:/Users/andrii.vytiahanets/.m2/repository/org/apache/httpcomponents/httpcore/4.4.16/httpcore-4.4.16.jar:/Users/andrii.vytiahanets/.m2/repository/commons-logging/commons-logging/1.2/commons-logging-1.2.jar:/Users/andrii.vytiahanets/.m2/repository/commons-codec/commons-codec/1.16.1/commons-codec-1.16.1.jar:/Users/andrii.vytiahanets/.m2/repository/org/apache/httpcomponents/httpmime/4.5.14/httpmime-4.5.14.jar:/Users/andrii.vytiahanets/.m2/repository/commons-io/commons-io/2.15.1/commons-io-2.15.1.jar:/Users/andrii.vytiahanets/.m2/repository/org/slf4j/slf4j-api/2.0.13/slf4j-api-2.0.13.jar:"/>
    <property name="sun.cpu.endian" value="little"/>
    <property name="user.home" value="/Users/andrii.vytiahanets"/>
    <property name="user.language" value="uk"/>
    <property name="java.specification.vendor" value="Oracle Corporation"/>
    <property name="java.version.date" value="2024-04-16"/>
    <property name="java.home" value="/Users/andrii.vytiahanets/Library/Java/JavaVirtualMachines/openjdk-22.0.1/Contents/Home"/>
    <property name="file.separator" value="/"/>
    <property name="basedir" value="/Users/andrii.vytiahanets/Documents/Tel-Ran_by_Starta_Institute/onlineshopproject"/>
    <property name="java.vm.compressedOopsMode" value="Zero based"/>
    <property name="line.separator" value="&#10;"/>
    <property name="java.vm.specification.vendor" value="Oracle Corporation"/>
    <property name="java.specification.name" value="Java Platform API Specification"/>
    <property name="FILE_LOG_CHARSET" value="UTF-8"/>
    <property name="java.awt.headless" value="true"/>
    <property name="apple.awt.application.name" value="ForkedBooter"/>
    <property name="surefire.real.class.path" value="/Users/andrii.vytiahanets/Documents/Tel-Ran_by_Starta_Institute/onlineshopproject/target/surefire/surefirebooter-20240716122519552_3.jar"/>
    <property name="sun.management.compiler" value="HotSpot 64-Bit Tiered Compilers"/>
    <property name="ftp.nonProxyHosts" value="local|*.local|169.254/16|*.169.254/16"/>
    <property name="java.runtime.version" value="22.0.1+8-16"/>
    <property name="user.name" value="andrii.vytiahanets"/>
    <property name="stdout.encoding" value="UTF-8"/>
    <property name="path.separator" value=":"/>
    <property name="os.version" value="13.1"/>
    <property name="java.runtime.name" value="OpenJDK Runtime Environment"/>
    <property name="file.encoding" value="UTF-8"/>
    <property name="java.vm.name" value="OpenJDK 64-Bit Server VM"/>
    <property name="localRepository" value="/Users/andrii.vytiahanets/.m2/repository"/>
    <property name="java.vendor.url.bug" value="https://bugreport.java.com/bugreport/"/>
    <property name="java.io.tmpdir" value="/var/folders/3y/mqyxc2p570sfv548b9mc30tr0000gn/T/"/>
    <property name="idea.version" value="2022.1.2"/>
    <property name="java.version" value="22.0.1"/>
    <property name="user.dir" value="/Users/andrii.vytiahanets/Documents/Tel-Ran_by_Starta_Institute/onlineshopproject"/>
    <property name="os.arch" value="x86_64"/>
    <property name="java.vm.specification.name" value="Java Virtual Machine Specification"/>
    <property name="PID" value="8866"/>
    <property name="CONSOLE_LOG_CHARSET" value="UTF-8"/>
    <property name="native.encoding" value="UTF-8"/>
    <property name="java.library.path" value="/Users/andrii.vytiahanets/Library/Java/Extensions:/Library/Java/Extensions:/Network/Library/Java/Extensions:/System/Library/Java/Extensions:/usr/lib/java:."/>
    <property name="java.vm.info" value="mixed mode, sharing"/>
    <property name="stderr.encoding" value="UTF-8"/>
    <property name="java.vendor" value="Oracle Corporation"/>
    <property name="java.vm.version" value="22.0.1+8-16"/>
    <property name="sun.io.unicode.encoding" value="UnicodeBig"/>
    <property name="socksNonProxyHosts" value="local|*.local|169.254/16|*.169.254/16"/>
    <property name="java.class.version" value="66.0"/>
    <property name="LOGGED_APPLICATION_NAME" value="[onlineshop] "/>
  </properties>
  <testcase name="delete" classname="com.example.onlineshopproject.repository.ProductRepositoryTest" time="1.698">
    <system-out><![CDATA[12:25:22.032 [main] INFO org.springframework.test.context.support.AnnotationConfigContextLoaderUtils -- Could not detect default configuration classes for test class [com.example.onlineshopproject.repository.ProductRepositoryTest]: ProductRepositoryTest does not declare any static, non-private, non-final, nested classes annotated with @Configuration.
12:25:22.449 [main] INFO org.springframework.boot.test.context.SpringBootTestContextBootstrapper -- Found @SpringBootConfiguration com.example.onlineshopproject.OnlineShopProjectApplication for test class com.example.onlineshopproject.repository.ProductRepositoryTest
12:25:21,711 |-INFO in ch.qos.logback.classic.LoggerContext[default] - This is logback-classic version 1.5.6
12:25:21,716 |-INFO in ch.qos.logback.classic.util.ContextInitializer@a0a9fa5 - Here is a list of configurators discovered as a service, by rank: 
12:25:21,716 |-INFO in ch.qos.logback.classic.util.ContextInitializer@a0a9fa5 -   org.springframework.boot.logging.logback.RootLogLevelConfigurator
12:25:21,716 |-INFO in ch.qos.logback.classic.util.ContextInitializer@a0a9fa5 - They will be invoked in order until ExecutionStatus.DO_NOT_INVOKE_NEXT_IF_ANY is returned.
12:25:21,716 |-INFO in ch.qos.logback.classic.util.ContextInitializer@a0a9fa5 - Constructed configurator of type class org.springframework.boot.logging.logback.RootLogLevelConfigurator
12:25:21,739 |-INFO in ch.qos.logback.classic.util.ContextInitializer@a0a9fa5 - org.springframework.boot.logging.logback.RootLogLevelConfigurator.configure() call lasted 0 milliseconds. ExecutionStatus=INVOKE_NEXT_IF_ANY
12:25:21,739 |-INFO in ch.qos.logback.classic.util.ContextInitializer@a0a9fa5 - Trying to configure with ch.qos.logback.classic.joran.SerializedModelConfigurator
12:25:21,742 |-INFO in ch.qos.logback.classic.util.ContextInitializer@a0a9fa5 - Constructed configurator of type class ch.qos.logback.classic.joran.SerializedModelConfigurator
12:25:21,747 |-INFO in ch.qos.logback.classic.LoggerContext[default] - Could NOT find resource [logback-test.scmo]
12:25:21,748 |-INFO in ch.qos.logback.classic.LoggerContext[default] - Could NOT find resource [logback.scmo]
12:25:21,748 |-INFO in ch.qos.logback.classic.util.ContextInitializer@a0a9fa5 - ch.qos.logback.classic.joran.SerializedModelConfigurator.configure() call lasted 6 milliseconds. ExecutionStatus=INVOKE_NEXT_IF_ANY
12:25:21,748 |-INFO in ch.qos.logback.classic.util.ContextInitializer@a0a9fa5 - Trying to configure with ch.qos.logback.classic.util.DefaultJoranConfigurator
12:25:21,749 |-INFO in ch.qos.logback.classic.util.ContextInitializer@a0a9fa5 - Constructed configurator of type class ch.qos.logback.classic.util.DefaultJoranConfigurator
12:25:21,749 |-INFO in ch.qos.logback.classic.LoggerContext[default] - Could NOT find resource [logback-test.xml]
12:25:21,750 |-INFO in ch.qos.logback.classic.LoggerContext[default] - Could NOT find resource [logback.xml]
12:25:21,751 |-INFO in ch.qos.logback.classic.util.ContextInitializer@a0a9fa5 - ch.qos.logback.classic.util.DefaultJoranConfigurator.configure() call lasted 1 milliseconds. ExecutionStatus=INVOKE_NEXT_IF_ANY
12:25:21,751 |-INFO in ch.qos.logback.classic.util.ContextInitializer@a0a9fa5 - Trying to configure with ch.qos.logback.classic.BasicConfigurator
12:25:21,752 |-INFO in ch.qos.logback.classic.util.ContextInitializer@a0a9fa5 - Constructed configurator of type class ch.qos.logback.classic.BasicConfigurator
12:25:21,752 |-INFO in ch.qos.logback.classic.BasicConfigurator@15723761 - Setting up default configuration.
12:25:21,800 |-INFO in ch.qos.logback.classic.util.ContextInitializer@a0a9fa5 - ch.qos.logback.classic.BasicConfigurator.configure() call lasted 48 milliseconds. ExecutionStatus=NEUTRAL
12:25:23,436 |-INFO in ch.qos.logback.core.model.processor.AppenderModelHandler - Processing appender named [FILE]
12:25:23,436 |-INFO in ch.qos.logback.core.model.processor.AppenderModelHandler - About to instantiate appender of type [ch.qos.logback.core.rolling.RollingFileAppender]
12:25:23,631 |-INFO in c.q.l.core.rolling.TimeBasedRollingPolicy@824900551 - Will use gz compression
12:25:23,633 |-INFO in c.q.l.core.rolling.TimeBasedRollingPolicy@824900551 - Will use the pattern logs/MacBook-Air-Andrii-2.local.log.%d{yyyy-MM-dd}.%i.log for the active file
12:25:23,683 |-INFO in ch.qos.logback.core.rolling.SizeAndTimeBasedFNATP@599f571f - The date pattern is 'yyyy-MM-dd' from file name pattern 'logs/MacBook-Air-Andrii-2.local.log.%d{yyyy-MM-dd}.%i.log.gz'.
12:25:23,684 |-INFO in ch.qos.logback.core.rolling.SizeAndTimeBasedFNATP@599f571f - Roll-over at midnight.
12:25:23,701 |-INFO in ch.qos.logback.core.rolling.SizeAndTimeBasedFNATP@599f571f - Setting initial period to 2024-07-16T10:22:57.330Z
12:25:23,701 |-WARN in ch.qos.logback.core.rolling.SizeAndTimeBasedFNATP@599f571f - SizeAndTimeBasedFNATP is deprecated. Use SizeAndTimeBasedRollingPolicy instead
12:25:23,701 |-WARN in ch.qos.logback.core.rolling.SizeAndTimeBasedFNATP@599f571f - For more information see http://logback.qos.ch/manual/appenders.html#SizeAndTimeBasedRollingPolicy
12:25:23,706 |-INFO in ch.qos.logback.core.rolling.RollingFileAppender[FILE] - Active log file name: logs/MacBook-Air-Andrii-2.local.log
12:25:23,706 |-INFO in ch.qos.logback.core.rolling.RollingFileAppender[FILE] - File property is set to [logs/MacBook-Air-Andrii-2.local.log]
12:25:23,708 |-INFO in ch.qos.logback.core.model.processor.AppenderModelHandler - Processing appender named [STDOUT]
12:25:23,708 |-INFO in ch.qos.logback.core.model.processor.AppenderModelHandler - About to instantiate appender of type [ch.qos.logback.core.ConsoleAppender]
12:25:23,711 |-WARN in ch.qos.logback.core.ConsoleAppender[STDOUT] - This appender no longer admits a layout as a sub-component, set an encoder instead.
12:25:23,711 |-WARN in ch.qos.logback.core.ConsoleAppender[STDOUT] - To ensure compatibility, wrapping your layout in LayoutWrappingEncoder.
12:25:23,711 |-WARN in ch.qos.logback.core.ConsoleAppender[STDOUT] - See also http://logback.qos.ch/codes.html#layoutInsteadOfEncoder for details
12:25:23,711 |-INFO in ch.qos.logback.classic.model.processor.LoggerModelHandler - Setting level of logger [com.example.onlineshopproject] to DEBUG
12:25:23,712 |-INFO in ch.qos.logback.classic.jul.LevelChangePropagator@7b60c3e - Propagating DEBUG level on Logger[com.example.onlineshopproject] onto the JUL framework
12:25:23,722 |-INFO in ch.qos.logback.classic.model.processor.LoggerModelHandler - Setting additivity of logger [com.example.onlineshopproject] to false
12:25:23,722 |-INFO in ch.qos.logback.core.model.processor.AppenderRefModelHandler - Attaching appender named [STDOUT] to Logger[com.example.onlineshopproject]
12:25:23,722 |-INFO in ch.qos.logback.core.model.processor.AppenderRefModelHandler - Attaching appender named [FILE] to Logger[com.example.onlineshopproject]
12:25:23,723 |-INFO in ch.qos.logback.classic.model.processor.RootLoggerModelHandler - Setting level of ROOT logger to INFO
12:25:23,723 |-INFO in ch.qos.logback.classic.jul.LevelChangePropagator@7b60c3e - Propagating INFO level on Logger[ROOT] onto the JUL framework
12:25:23,723 |-INFO in ch.qos.logback.core.model.processor.AppenderRefModelHandler - Attaching appender named [STDOUT] to Logger[ROOT]
12:25:23,723 |-INFO in ch.qos.logback.core.model.processor.DefaultProcessor@3fbfa96 - End of configuration.
12:25:23,723 |-INFO in org.springframework.boot.logging.logback.SpringBootJoranConfigurator@6569dded - Registering current configuration as safe fallback point

  .   ____          _            __ _ _
 /\\ / ___'_ __ _ _(_)_ __  __ _ \ \ \ \
( ( )\___ | '_ | '_| | '_ \/ _` | \ \ \ \
 \\/  ___)| |_)| | | | | || (_| |  ) ) ) )
  '  |____| .__|_| |_|_| |_\__, | / / / /
 =========|_|==============|___/=/_/_/_/

2024-07-16 12:25:23.814 | background-preinit        | INFO  | org.hibernate.validator.internal.util.Version                           -       HV000001: Hibernate Validator 8.0.1.Final
 :: Spring Boot ::                (v3.3.0)

2024-07-16 12:25:24.230 | main                      | INFO  | com.example.onlineshopproject.repository.ProductRepositoryTest          -       Starting ProductRepositoryTest using Java 22.0.1 with PID 8866 (started by andrii.vytiahanets in /Users/andrii.vytiahanets/Documents/Tel-Ran_by_Starta_Institute/onlineshopproject)
2024-07-16 12:25:24.232 | main                      | DEBUG | com.example.onlineshopproject.repository.ProductRepositoryTest          -       Running with Spring Boot v3.3.0, Spring v6.1.8
2024-07-16 12:25:24.234 | main                      | INFO  | com.example.onlineshopproject.repository.ProductRepositoryTest          -       The following 1 profile is active: "dev"
2024-07-16 12:25:25.510 | main                      | INFO  | o.s.data.repository.config.RepositoryConfigurationDelegate              -       Bootstrapping Spring Data JPA repositories in DEFAULT mode.
2024-07-16 12:25:25.922 | main                      | INFO  | o.s.data.repository.config.RepositoryConfigurationDelegate              -       Finished Spring Data repository scanning in 393 ms. Found 8 JPA repository interfaces.
2024-07-16 12:25:26.070 | main                      | INFO  | o.s.b.t.a.j.TestDatabaseAutoConfiguration$EmbeddedDataSourceBeanFactoryPostProcessor  -       Replacing 'dataSource' DataSource bean with embedded version
2024-07-16 12:25:26.549 | main                      | INFO  | org.springframework.jdbc.datasource.embedded.EmbeddedDatabaseFactory    -       Starting embedded database: url='jdbc:h2:mem:619e0a47-f489-4ef5-8182-434f39bbcba4;DB_CLOSE_DELAY=-1;DB_CLOSE_ON_EXIT=false', username='sa'
2024-07-16 12:25:28.184 | main                      | INFO  | liquibase.database                                                      -       Set default schema name to PUBLIC
2024-07-16 12:25:29.361 | main                      | INFO  | liquibase.lockservice                                                   -       Successfully acquired change log lock
2024-07-16 12:25:29.412 | main                      | INFO  | liquibase.changelog                                                     -       Creating database history table with name: PUBLIC.DATABASECHANGELOG
2024-07-16 12:25:29.435 | main                      | INFO  | liquibase.command                                                       -       Clearing database change log checksums for database h2
2024-07-16 12:25:29.453 | main                      | INFO  | liquibase.lockservice                                                   -       Successfully released change log lock
2024-07-16 12:25:29.454 | main                      | INFO  | liquibase.command                                                       -       Command execution complete
2024-07-16 12:25:30.434 | main                      | INFO  | liquibase.changelog                                                     -       Reading from PUBLIC.DATABASECHANGELOG
2024-07-16 12:25:30.619 | main                      | INFO  | liquibase.lockservice                                                   -       Successfully acquired change log lock
2024-07-16 12:25:30.621 | main                      | INFO  | liquibase.command                                                       -       Using deploymentId: 1125530620
2024-07-16 12:25:30.625 | main                      | INFO  | liquibase.changelog                                                     -       Reading from PUBLIC.DATABASECHANGELOG
2024-07-16 12:25:30.852 | main                      | INFO  | liquibase.ui                                                            -       Running Changeset: db/changelog/changelogs/users-changelog.xml::1::Andrii
2024-07-16 12:25:30.886 | main                      | INFO  | liquibase.changelog                                                     -       Table Users created
2024-07-16 12:25:30.890 | main                      | INFO  | liquibase.changelog                                                     -       ChangeSet db/changelog/changelogs/users-changelog.xml::1::Andrii ran successfully in 31ms
2024-07-16 12:25:30.946 | main                      | INFO  | liquibase.ui                                                            -       Running Changeset: db/changelog/changelogs/users-changelog.xml::2::Andrii
2024-07-16 12:25:30.966 | main                      | INFO  | liquibase.changelog                                                     -       New row inserted into Users
2024-07-16 12:25:30.970 | main                      | INFO  | liquibase.changelog                                                     -       New row inserted into Users
2024-07-16 12:25:30.996 | main                      | INFO  | liquibase.changelog                                                     -       New row inserted into Users
2024-07-16 12:25:31.006 | main                      | INFO  | liquibase.changelog                                                     -       New row inserted into Users
2024-07-16 12:25:31.009 | main                      | INFO  | liquibase.changelog                                                     -       New row inserted into Users
2024-07-16 12:25:31.010 | main                      | INFO  | liquibase.changelog                                                     -       ChangeSet db/changelog/changelogs/users-changelog.xml::2::Andrii ran successfully in 61ms
2024-07-16 12:25:31.022 | main                      | INFO  | liquibase.ui                                                            -       Running Changeset: db/changelog/changelogs/category-changelog.xml::1::Andrii
2024-07-16 12:25:31.031 | main                      | INFO  | liquibase.changelog                                                     -       Table Categories created
2024-07-16 12:25:31.032 | main                      | INFO  | liquibase.changelog                                                     -       ChangeSet db/changelog/changelogs/category-changelog.xml::1::Andrii ran successfully in 8ms
2024-07-16 12:25:31.040 | main                      | INFO  | liquibase.ui                                                            -       Running Changeset: db/changelog/changelogs/category-changelog.xml::2::Andrii
2024-07-16 12:25:31.044 | main                      | INFO  | liquibase.changelog                                                     -       New row inserted into Categories
2024-07-16 12:25:31.048 | main                      | INFO  | liquibase.changelog                                                     -       New row inserted into Categories
2024-07-16 12:25:31.050 | main                      | INFO  | liquibase.changelog                                                     -       New row inserted into Categories
2024-07-16 12:25:31.053 | main                      | INFO  | liquibase.changelog                                                     -       New row inserted into Categories
2024-07-16 12:25:31.053 | main                      | INFO  | liquibase.changelog                                                     -       ChangeSet db/changelog/changelogs/category-changelog.xml::2::Andrii ran successfully in 12ms
2024-07-16 12:25:31.062 | main                      | INFO  | liquibase.ui                                                            -       Running Changeset: db/changelog/changelogs/product-changelog.xml::1::Andrii
2024-07-16 12:25:31.080 | main                      | INFO  | liquibase.changelog                                                     -       Table Products created
2024-07-16 12:25:31.081 | main                      | INFO  | liquibase.changelog                                                     -       ChangeSet db/changelog/changelogs/product-changelog.xml::1::Andrii ran successfully in 18ms
2024-07-16 12:25:31.132 | main                      | INFO  | liquibase.ui                                                            -       Running Changeset: db/changelog/changelogs/product-changelog.xml::2::Andrii
2024-07-16 12:25:31.170 | main                      | INFO  | liquibase.changelog                                                     -       New row inserted into Products
2024-07-16 12:25:31.228 | main                      | INFO  | liquibase.changelog                                                     -       New row inserted into Products
2024-07-16 12:25:31.241 | main                      | INFO  | liquibase.changelog                                                     -       New row inserted into Products
2024-07-16 12:25:31.253 | main                      | INFO  | liquibase.changelog                                                     -       New row inserted into Products
2024-07-16 12:25:31.272 | main                      | INFO  | liquibase.changelog                                                     -       New row inserted into Products
2024-07-16 12:25:31.273 | main                      | INFO  | liquibase.changelog                                                     -       ChangeSet db/changelog/changelogs/product-changelog.xml::2::Andrii ran successfully in 139ms
2024-07-16 12:25:31.282 | main                      | INFO  | liquibase.ui                                                            -       Running Changeset: db/changelog/changelogs/favorites-changelog.xml::1::Andrii
2024-07-16 12:25:31.292 | main                      | INFO  | liquibase.changelog                                                     -       Table Favorites created
2024-07-16 12:25:31.293 | main                      | INFO  | liquibase.changelog                                                     -       ChangeSet db/changelog/changelogs/favorites-changelog.xml::1::Andrii ran successfully in 10ms
2024-07-16 12:25:31.307 | main                      | INFO  | liquibase.ui                                                            -       Running Changeset: db/changelog/changelogs/favorites-changelog.xml::2::Andrii
2024-07-16 12:25:31.347 | main                      | INFO  | liquibase.changelog                                                     -       New row inserted into Favorites
2024-07-16 12:25:31.353 | main                      | INFO  | liquibase.changelog                                                     -       ChangeSet db/changelog/changelogs/favorites-changelog.xml::2::Andrii ran successfully in 40ms
2024-07-16 12:25:31.386 | main                      | INFO  | liquibase.ui                                                            -       Running Changeset: db/changelog/changelogs/cart-changelog.xml::1::Andrii
2024-07-16 12:25:31.428 | main                      | INFO  | liquibase.changelog                                                     -       Table Cart created
2024-07-16 12:25:31.428 | main                      | INFO  | liquibase.changelog                                                     -       ChangeSet db/changelog/changelogs/cart-changelog.xml::1::Andrii ran successfully in 41ms
2024-07-16 12:25:31.432 | main                      | INFO  | liquibase.ui                                                            -       Running Changeset: db/changelog/changelogs/cart-changelog.xml::2::Andrii
2024-07-16 12:25:31.439 | main                      | INFO  | liquibase.changelog                                                     -       New row inserted into Cart
2024-07-16 12:25:31.441 | main                      | INFO  | liquibase.changelog                                                     -       ChangeSet db/changelog/changelogs/cart-changelog.xml::2::Andrii ran successfully in 8ms
2024-07-16 12:25:31.445 | main                      | INFO  | liquibase.ui                                                            -       Running Changeset: db/changelog/changelogs/cartItems-changelog.xml::1::Andrii
2024-07-16 12:25:31.462 | main                      | INFO  | liquibase.changelog                                                     -       Table CartItems created
2024-07-16 12:25:31.462 | main                      | INFO  | liquibase.changelog                                                     -       ChangeSet db/changelog/changelogs/cartItems-changelog.xml::1::Andrii ran successfully in 17ms
2024-07-16 12:25:31.468 | main                      | INFO  | liquibase.ui                                                            -       Running Changeset: db/changelog/changelogs/orders-changelog.xml::1::Andrii
2024-07-16 12:25:31.483 | main                      | INFO  | liquibase.changelog                                                     -       Table Orders created
2024-07-16 12:25:31.484 | main                      | INFO  | liquibase.changelog                                                     -       ChangeSet db/changelog/changelogs/orders-changelog.xml::1::Andrii ran successfully in 15ms
2024-07-16 12:25:31.498 | main                      | INFO  | liquibase.ui                                                            -       Running Changeset: db/changelog/changelogs/orders-changelog.xml::2::Andrii
2024-07-16 12:25:31.505 | main                      | INFO  | liquibase.changelog                                                     -       New row inserted into Orders
2024-07-16 12:25:31.508 | main                      | INFO  | liquibase.changelog                                                     -       New row inserted into Orders
2024-07-16 12:25:31.509 | main                      | INFO  | liquibase.changelog                                                     -       New row inserted into Orders
2024-07-16 12:25:31.512 | main                      | INFO  | liquibase.changelog                                                     -       New row inserted into Orders
2024-07-16 12:25:31.513 | main                      | INFO  | liquibase.changelog                                                     -       ChangeSet db/changelog/changelogs/orders-changelog.xml::2::Andrii ran successfully in 15ms
2024-07-16 12:25:31.526 | main                      | INFO  | liquibase.ui                                                            -       Running Changeset: db/changelog/changelogs/orderItems-changelog.xml::1::Andrii
2024-07-16 12:25:31.543 | main                      | INFO  | liquibase.changelog                                                     -       Table OrderItems created
2024-07-16 12:25:31.544 | main                      | INFO  | liquibase.changelog                                                     -       ChangeSet db/changelog/changelogs/orderItems-changelog.xml::1::Andrii ran successfully in 18ms
2024-07-16 12:25:31.568 | main                      | INFO  | liquibase.ui                                                            -       Running Changeset: db/changelog/changelogs/orderItems-changelog.xml::2::Andrii
2024-07-16 12:25:31.584 | main                      | INFO  | liquibase.changelog                                                     -       New row inserted into OrderItems
2024-07-16 12:25:31.591 | main                      | INFO  | liquibase.changelog                                                     -       New row inserted into OrderItems
2024-07-16 12:25:31.594 | main                      | INFO  | liquibase.changelog                                                     -       New row inserted into OrderItems
2024-07-16 12:25:31.647 | main                      | INFO  | liquibase.changelog                                                     -       New row inserted into OrderItems
2024-07-16 12:25:31.664 | main                      | INFO  | liquibase.changelog                                                     -       New row inserted into OrderItems
2024-07-16 12:25:31.665 | main                      | INFO  | liquibase.changelog                                                     -       ChangeSet db/changelog/changelogs/orderItems-changelog.xml::2::Andrii ran successfully in 96ms
2024-07-16 12:25:31.675 | main                      | INFO  | liquibase.ui                                                            -       Running Changeset: db/changelog/changelogs/productcount-changelog.xml::1::Andrii
2024-07-16 12:25:31.681 | main                      | INFO  | liquibase.changelog                                                     -       Table ProductCount created
2024-07-16 12:25:31.682 | main                      | INFO  | liquibase.changelog                                                     -       ChangeSet db/changelog/changelogs/productcount-changelog.xml::1::Andrii ran successfully in 7ms
2024-07-16 12:25:31.686 | main                      | INFO  | liquibase.ui                                                            -       Running Changeset: db/changelog/changelogs/productcount-changelog.xml::2::Andrii
2024-07-16 12:25:31.689 | main                      | INFO  | liquibase.changelog                                                     -       New row inserted into ProductCount
2024-07-16 12:25:31.690 | main                      | INFO  | liquibase.changelog                                                     -       ChangeSet db/changelog/changelogs/productcount-changelog.xml::2::Andrii ran successfully in 4ms
2024-07-16 12:25:31.709 | main                      | INFO  | liquibase.util                                                          -       UPDATE SUMMARY
2024-07-16 12:25:31.710 | main                      | INFO  | liquibase.util                                                          -       Run:                         17
2024-07-16 12:25:31.710 | main                      | INFO  | liquibase.util                                                          -       Previously run:               0
2024-07-16 12:25:31.710 | main                      | INFO  | liquibase.util                                                          -       Filtered out:                 0
2024-07-16 12:25:31.711 | main                      | INFO  | liquibase.util                                                          -       -------------------------------
2024-07-16 12:25:31.711 | main                      | INFO  | liquibase.util                                                          -       Total change sets:           17
2024-07-16 12:25:31.713 | main                      | INFO  | liquibase.util                                                          -       Update summary generated
2024-07-16 12:25:31.720 | main                      | INFO  | liquibase.command                                                       -       Update command completed successfully.
2024-07-16 12:25:31.721 | main                      | INFO  | liquibase.ui                                                            -       Liquibase: Update has been successful. Rows affected: 43
2024-07-16 12:25:31.723 | main                      | INFO  | liquibase.lockservice                                                   -       Successfully released change log lock
2024-07-16 12:25:31.724 | main                      | INFO  | liquibase.command                                                       -       Command execution complete
2024-07-16 12:25:32.093 | main                      | INFO  | org.hibernate.jpa.internal.util.LogHelper                               -       HHH000204: Processing PersistenceUnitInfo [name: default]
2024-07-16 12:25:32.215 | main                      | INFO  | org.hibernate.Version                                                   -       HHH000412: Hibernate ORM core version 6.5.2.Final
2024-07-16 12:25:32.274 | main                      | INFO  | org.hibernate.cache.internal.RegionFactoryInitiator                     -       HHH000026: Second-level cache disabled
2024-07-16 12:25:33.041 | main                      | INFO  | org.springframework.orm.jpa.persistenceunit.SpringPersistenceUnitInfo   -       No LoadTimeWeaver setup: ignoring JPA class transformer
2024-07-16 12:25:35.845 | main                      | INFO  | o.h.engine.transaction.jta.platform.internal.JtaPlatformInitiator       -       HHH000489: No JTA platform available (set 'hibernate.transaction.jta.platform' to enable JTA platform integration)
2024-07-16 12:25:35.855 | main                      | INFO  | org.springframework.orm.jpa.LocalContainerEntityManagerFactoryBean      -       Initialized JPA EntityManagerFactory for persistence unit 'default'
2024-07-16 12:25:36.786 | main                      | INFO  | org.springframework.data.jpa.repository.query.QueryEnhancerFactory      -       Hibernate is in classpath; If applicable, HQL parser will be used.
2024-07-16 12:25:37.828 | main                      | INFO  | com.example.onlineshopproject.repository.ProductRepositoryTest          -       Started ProductRepositoryTest in 15.182 seconds (process running for 18.071)
Hibernate: select pe1_0.ProductID,cies1_0.ProductID,cies1_0.CartItemID,cies1_0.CartID,cies1_0.Quantity,pe1_0.CategoryID,pe1_0.CreatedAt,pe1_0.Description,pe1_0.DiscountPrice,pe1_0.imageURL,pe1_0.Name,pe1_0.Price,pe1_0.UpdatedAt from Products pe1_0 left join CartItems cies1_0 on pe1_0.ProductID=cies1_0.ProductID where pe1_0.ProductID=?
Hibernate: select oies1_0.ProductId,oies1_0.OrderItemID,oies1_0.orderId,oies1_0.priceAtPurchase,oies1_0.quantity from OrderItems oies1_0 where oies1_0.ProductId=?
Hibernate: select fes1_0.ProductID,fes1_0.FavoriteID,fes1_0.UserID from Favorites fes1_0 where fes1_0.ProductID=?
]]></system-out>
    <system-err><![CDATA[WARNING: A Java agent has been loaded dynamically (/Users/andrii.vytiahanets/.m2/repository/net/bytebuddy/byte-buddy-agent/1.14.16/byte-buddy-agent-1.14.16.jar)
WARNING: If a serviceability tool is in use, please run with -XX:+EnableDynamicAgentLoading to hide this warning
WARNING: If a serviceability tool is not in use, please run with -Djdk.instrument.traceUsage for more information
WARNING: Dynamic loading of agents will be disallowed by default in a future release
]]></system-err>
  </testcase>
  <testcase name="getAll" classname="com.example.onlineshopproject.repository.ProductRepositoryTest" time="0.016">
    <system-out><![CDATA[Hibernate: select pe1_0.ProductID,pe1_0.CategoryID,pe1_0.CreatedAt,pe1_0.Description,pe1_0.DiscountPrice,pe1_0.imageURL,pe1_0.Name,pe1_0.Price,pe1_0.UpdatedAt from Products pe1_0 where pe1_0.ProductID=?
]]></system-out>
  </testcase>
  <testcase name="insert" classname="com.example.onlineshopproject.repository.ProductRepositoryTest" time="0.031">
    <system-out><![CDATA[Hibernate: select pe1_0.ProductID,cies1_0.ProductID,cies1_0.CartItemID,cies1_0.CartID,cies1_0.Quantity,pe1_0.CategoryID,pe1_0.CreatedAt,pe1_0.Description,pe1_0.DiscountPrice,pe1_0.imageURL,pe1_0.Name,pe1_0.Price,pe1_0.UpdatedAt from Products pe1_0 left join CartItems cies1_0 on pe1_0.ProductID=cies1_0.ProductID where pe1_0.ProductID=?
Hibernate: select oies1_0.ProductId,oies1_0.OrderItemID,oies1_0.orderId,oies1_0.priceAtPurchase,oies1_0.quantity from OrderItems oies1_0 where oies1_0.ProductId=?
Hibernate: select fes1_0.ProductID,fes1_0.FavoriteID,fes1_0.UserID from Favorites fes1_0 where fes1_0.ProductID=?
]]></system-out>
  </testcase>
  <testcase name="edit" classname="com.example.onlineshopproject.repository.ProductRepositoryTest" time="0.021">
    <system-out><![CDATA[Hibernate: select pe1_0.ProductID,pe1_0.CategoryID,pe1_0.CreatedAt,pe1_0.Description,pe1_0.DiscountPrice,pe1_0.imageURL,pe1_0.Name,pe1_0.Price,pe1_0.UpdatedAt from Products pe1_0 where pe1_0.ProductID=?
]]></system-out>
  </testcase>
</testsuite>